1123
0 1112 638
1 961 972
2 584 918
3 794 224
4 613 781
5 1033 1173
6 421 472
7 75 832
8 806 452
9 934 615
10 168 155
11 983 983
12 92 418
13 595 255
14 394 281
15 861 560
16 233 206
17 482 934
18 10 962
19 1133 151
20 1194 498
21 825 1064
22 17 267
23 514 260
24 148 574
25 390 428
26 593 271
27 805 489
28 159 103
29 32 544
30 570 510
31 1047 828
32 439 2
33 74 149
34 556 402
35 462 1064
36 1115 949
37 465 272
38 578 404
39 1174 756
40 306 95
41 0 947
42 281 801
43 1009 1183
44 525 731
45 93 62
46 804 1145
47 7 540
48 705 481
49 763 339
50 471 29
51 798 432
52 1182 355
53 202 49
54 293 80
55 1042 77
56 506 691
57 940 12
58 66 848
59 1095 935
60 266 979
61 1192 471
62 1109 633
63 47 260
64 355 379
65 157 1038
66 313 279
67 977 258
68 289 773
69 601 262
70 80 53
71 135 739
72 155 443
73 622 539
74 1042 1177
75 1109 266
76 987 843
77 389 611
78 697 15
79 289 88
80 266 1173
81 700 1011
82 1059 52
83 41 553
84 1197 362
85 699 5
86 1197 172
87 811 22
88 554 510
89 141 437
90 667 135
91 499 406
92 45 152
93 161 272
94 562 1133
95 986 239
96 939 95
97 992 983
98 178 19
99 602 267
100 512 404
101 1113 952
102 1080 55
103 1136 1087
104 186 164
105 951 818
106 325 89
107 1103 1112
108 273 803
109 437 862
110 429 1031
111 991 802
112 680 593
113 802 222
114 1091 846
115 685 1181
116 1122 1114
117 861 367
118 612 244
119 1045 816
120 696 570
121 229 204
122 385 463
123 583 794
124 219 95
125 401 484
126 787 587
127 807 495
128 210 83
129 95 42
130 405 507
131 880 899
132 261 743
133 107 944
134 1122 954
135 827 806
136 113 296
137 179 1048
138 235 221
139 785 341
140 629 801
141 786 561
142 32 862
143 82 1195
144 1186 1046
145 900 1023
146 862 371
147 249 679
148 200 554
149 107 42
150 670 1163
151 63 1127
152 666 561
153 64 154
154 471 181
155 1024 1142
156 586 1044
157 959 940
158 88 142
159 245 803
160 619 942
161 127 297
162 956 28
163 951 402
164 710 1147
165 1094 628
166 804 29
167 1186 723
168 251 1189
169 297 615
170 393 616
171 695 679
172 860 351
173 788 554
174 985 941
175 158 425
176 839 456
177 611 937
178 937 25
179 1106 1107
180 572 381
181 122 317
182 1073 69
183 1186 171
184 507 285
185 421 508
186 382 260
187 655 1152
188 825 20
189 162 1058
190 233 621
191 826 1074
192 1012 1154
193 105 65
194 125 747
195 591 932
196 21 274
197 844 560
198 156 1130
199 1112 931
200 601 260
201 916 103
202 388 609
203 572 391
204 885 890
205 655 171
206 385 263
207 459 12
208 138 748
209 1184 488
210 709 39
211 117 1148
212 794 468
213 697 674
214 647 138
215 1196 115
216 887 1037
217 227 213
218 63 147
219 1192 762
220 949 622
221 1142 178
222 50 147
223 480 689
224 1196 717
225 406 293
226 53 151
227 426 40
228 266 1162
229 865 370
230 132 743
231 1064 73
232 1106 856
233 830 810
234 1068 55
235 142 916
236 145 948
237 985 978
238 429 890
239 1016 439
240 346 79
241 527 171
242 1090 954
243 396 477
244 7 584
245 327 103
246 96 709
247 387 300
248 233 209
249 475 29
250 185 146
251 476 47
252 43 278
253 719 670
254 591 1057
255 177 163
256 1115 960
257 998 981
258 101 1174
259 338 105
260 422 425
261 300 319
262 764 335
263 48 145
264 579 1053
265 997 256
266 166 1048
267 265 1008
268 680 42
269 787 190
270 382 287
271 500 260
272 131 1175
273 152 441
274 985 809
275 796 1141
276 172 283
277 308 296
278 493 192
279 589 955
280 769 818
281 510 294
282 504 388
283 519 408
284 812 434
285 796 566
286 243 1006
287 488 944
288 280 1104
289 860 558
290 506 171
291 635 561
292 90 1137
293 234 531
294 728 20
295 857 548
296 1021 1053
297 473 193
298 33 537
299 1049 810
300 459 184
301 18 742
302 601 258
303 656 169
304 953 840
305 316 115
306 628 559
307 503 407
308 296 764
309 606 818
310 87 47
311 674 1021
312 131 946
313 980 803
314 302 291
315 147 1148
316 815 190
317 1197 769
318 1096 867
319 784 332
320 283 810
321 138 419
322 160 278
323 392 511
324 1033 1056
325 1042 817
326 325 1111
327 140 942
328 1007 942
329 496 937
330 226 202
331 1028 1052
332 125 287
333 505 210
334 344 898
335 794 1140
336 688 131
337 736 1154
338 143 579
339 789 805
340 796 437
341 1104 883
342 176 171
343 1186 181
344 237 471
345 849 366
346 16 737
347 626 580
348 90 303
349 1198 494
350 859 349
351 261 777
352 95 755
353 952 14
354 810 827
355 597 1054
356 529 1147
357 101 321
358 809 1160
359 592 939
360 620 826
361 879 1050
362 828 202
363 1115 255
364 678 1141
365 331 886
366 1000 1159
367 523 388
368 614 931
369 699 1054
370 0 942
371 1103 859
372 496 760
373 214 85
374 949 792
375 968 607
376 971 803
377 152 437
378 1136 1094
379 139 729
380 773 346
381 790 1147
382 291 120
383 240 203
384 1011 1159
385 111 938
386 1004 944
387 674 41
388 1173 479
389 765 564
390 99 316
391 438 879
392 1163 1067
393 379 604
394 731 702
395 942 104
396 1141 282
397 285 1070
398 609 273
399 899 897
400 138 440
401 946 147
402 949 667
403 1018 1052
404 94 43
405 607 268
406 469 1072
407 343 309
408 230 23
409 407 884
410 93 291
411 804 1051
412 442 871
413 158 1055
414 535 142
415 416 426
416 898 912
417 788 192
418 656 1126
419 856 356
420 25 310
421 68 36
422 57 827
423 262 756
424 1094 889
425 238 686
426 382 603
427 828 436
428 48 134
429 992 969
430 910 115
431 684 1043
432 652 1146
433 394 412
434 382 282
435 54 849
436 656 166
437 120 323
438 617 552
439 690 1140
440 344 893
441 787 1063
442 113 759
443 230 13
444 975 813
445 9 748
446 500 400
447 688 170
448 234 1195
449 770 592
450 647 1131
451 122 289
452 280 632
453 212 543
454 958 828
455 53 136
456 160 21
457 243 1197
458 918 126
459 1175 1074
460 308 1097
461 520 159
462 18 952
463 255 682
464 708 1019
465 862 545
466 853 491
467 120 920
468 817 200
469 789 181
470 1099 941
471 395 298
472 1131 1124
473 18 942
474 522 679
475 1106 875
476 2 971
477 5 975
478 961 856
479 630 614
480 853 543
481 804 1053
482 433 884
483 781 845
484 37 742
485 225 688
486 846 546
487 438 873
488 92 1145
489 601 918
490 1004 461
491 152 431
492 520 283
493 239 1193
494 159 424
495 77 396
496 486 144
497 510 393
498 795 1065
499 1191 376
500 708 33
501 812 192
502 566 493
503 831 816
504 277 793
505 22 706
506 1177 506
507 707 1159
508 279 500
509 820 854
510 795 437
511 169 155
512 408 260
513 7 312
514 503 401
515 253 738
516 90 292
517 152 1053
518 1188 1069
519 1113 635
520 988 256
521 724 692
522 1199 347
523 949 1
524 1154 718
525 367 425
526 1110 290
527 1100 626
528 894 911
529 497 1069
530 977 835
531 726 706
532 595 1054
533 425 872
534 405 278
535 960 955
536 821 196
537 585 1038
538 782 350
539 441 863
540 975 229
541 502 677
542 945 160
543 179 38
544 163 267
545 83 145
546 837 484
547 627 777
548 409 521
549 715 458
550 277 646
551 852 426
552 547 487
553 252 992
554 947 623
555 361 50
556 813 203
557 26 714
558 82 420
559 776 587
560 792 1172
561 315 1053
562 166 148
563 440 894
564 475 144
565 601 950
566 124 729
567 66 537
568 1109 254
569 342 929
570 448 152
571 1046 79
572 387 476
573 692 466
574 958 604
575 65 617
576 715 1017
577 789 562
578 979 416
579 944 800
580 870 1041
581 121 309
582 396 423
583 307 298
584 647 773
585 793 582
586 487 289
587 1188 481
588 186 525
589 986 943
590 853 557
591 452 144
592 978 251
593 249 1168
594 585 1052
595 438 723
596 340 1066
597 430 896
598 65 619
599 482 726
600 944 139
601 802 581
602 698 22
603 361 86
604 567 396
605 720 1048
606 394 614
607 989 605
608 794 813
609 1030 1171
610 181 173
611 52 869
612 774 827
613 596 776
614 229 1179
615 1022 1063
616 815 1089
617 37 695
618 848 549
619 399 422
620 1145 141
621 1056 824
622 734 692
623 186 469
624 450 737
625 1048 85
626 817 184
627 149 723
628 397 613
629 66 568
630 656 139
631 954 19
632 387 516
633 768 331
634 296 789
635 550 1136
636 46 127
637 148 743
638 25 722
639 414 548
640 158 1187
641 315 76
642 439 1084
643 102 758
644 603 261
645 400 281
646 243 472
647 666 150
648 499 948
649 352 399
650 224 741
651 1095 853
652 400 593
653 1112 630
654 1095 939
655 207 33
656 398 610
657 503 410
658 406 614
659 161 276
660 1190 745
661 854 370
662 66 155
663 976 619
664 854 363
665 568 482
666 727 34
667 456 140
668 568 490
669 148 573
670 975 98
671 714 675
672 797 1182
673 1156 152
674 816 1177
675 29 952
676 958 25
677 429 874
678 864 550
679 356 394
680 456 33
681 965 112
682 725 705
683 250 1004
684 392 588
685 868 1007
686 143 722
687 94 401
688 41 590
689 1000 1169
690 731 688
691 363 421
692 584 1046
693 1123 629
694 490 699
695 897 1015
696 480 723
697 15 974
698 840 460
699 248 987
700 244 1184
701 577 388
702 799 564
703 773 357
704 1163 1031
705 958 5
706 829 192
707 1179 357
708 5 686
709 1142 149
710 33 855
711 991 609
712 493 940
713 695 1011
714 77 35
715 261 988
716 625 601
717 217 743
718 980 984
719 316 1115
720 77 72
721 431 877
722 14 732
723 110 948
724 129 1165
725 613 814
726 82 71
727 927 8
728 159 173
729 861 1041
730 496 131
731 473 526
732 892 902
733 767 588
734 212 811
735 76 849
736 82 395
737 84 395
738 208 554
739 465 188
740 651 1155
741 673 544
742 622 936
743 1024 383
744 407 863
745 171 166
746 142 427
747 343 314
748 76 420
749 959 844
750 453 3
751 532 1160
752 487 1077
753 464 756
754 648 176
755 1041 1140
756 888 1036
757 682 14
758 53 137
759 704 695
760 1191 350
761 246 1186
762 568 387
763 414 866
764 95 316
765 960 17
766 62 159
767 293 1116
768 198 504
769 1107 869
770 226 222
771 1030 1063
772 84 419
773 972 987
774 1042 1159
775 292 928
776 738 1124
777 910 906
778 791 345
779 373 624
780 624 243
781 823 187
782 818 35
783 146 575
784 34 868
785 250 740
786 459 1031
787 696 576
788 1111 880
789 225 215
790 142 1133
791 368 370
792 413 269
793 334 920
794 1055 86
795 931 611
796 38 741
797 1105 639
798 507 403
799 336 99
800 103 739
801 218 67
802 943 141
803 337 1106
804 583 404
805 1023 1179
806 855 554
807 381 419
808 313 56
809 397 602
810 930 116
811 460 482
812 134 586
813 638 1152
814 1092 853
815 440 496
816 785 809
817 961 818
818 173 268
819 786 1093
820 808 32
821 1147 158
822 98 737
823 553 1145
824 678 1142
825 77 405
826 129 759
827 312 1117
828 698 705
829 512 758
830 1137 712
831 499 412
832 110 923
833 145 728
834 551 1141
835 954 132
836 172 148
837 550 1137
838 372 401
839 991 832
840 1198 775
841 78 818
842 44 139
843 931 6
844 892 897
845 140 1149
846 1113 257
847 46 555
848 515 302
849 1194 743
850 1101 1119
851 516 252
852 328 900
853 1177 501
854 841 1175
855 227 206
856 1193 366
857 481 939
858 779 578
859 978 977
860 780 807
861 1120 622
862 438 876
863 673 1041
864 540 1155
865 646 561
866 316 318
867 1097 621
868 562 495
869 957 140
870 1118 952
871 587 1045
872 456 1059
873 686 1171
874 494 302
875 615 951
876 770 554
877 983 239
878 400 280
879 304 1068
880 236 211
881 1036 66
882 805 198
883 989 478
884 177 146
885 657 1168
886 555 499
887 5 747
888 324 1064
889 1102 1124
890 1005 1180
891 109 750
892 382 372
893 312 290
894 353 108
895 310 894
896 1198 480
897 1120 267
898 400 41
899 181 1029
900 281 1075
901 334 896
902 466 262
903 370 610
904 444 195
905 518 154
906 1026 1050
907 941 655
908 784 575
909 6 946
910 593 932
911 1113 873
912 159 70
913 427 534
914 993 992
915 495 132
916 544 1139
917 708 686
918 1157 743
919 643 568
920 1056 76
921 158 1050
922 389 289
923 461 0
924 613 947
925 952 407
926 1198 164
927 896 1009
928 859 351
929 96 304
930 1187 1048
931 688 9
932 674 1029
933 1054 828
934 617 789
935 13 275
936 604 803
937 989 217
938 1193 753
939 959 129
940 1123 1119
941 1027 439
942 1162 119
943 798 189
944 801 219
945 414 872
946 516 146
947 444 17
948 597 259
949 985 967
950 738 1161
951 918 134
952 993 458
953 1100 959
954 590 935
955 59 133
956 1085 880
957 1025 1059
958 773 328
959 498 937
960 215 103
961 266 1002
962 144 926
963 219 549
964 406 602
965 332 314
966 992 949
967 252 1180
968 990 623
969 547 495
970 247 998
971 144 443
972 592 1042
973 424 863
974 409 872
975 438 868
976 613 949
977 299 1059
978 1123 264
979 83 136
980 769 553
981 556 1144
982 211 18
983 161 273
984 812 14
985 159 42
986 806 32
987 609 950
988 600 249
989 566 1175
990 296 906
991 609 953
992 91 73
993 356 379
994 1093 629
995 1035 1177
996 990 976
997 116 321
998 405 31
999 1195 497
1000 68 867
1001 436 871
1002 265 631
1003 186 162
1004 392 283
1005 692 686
1006 844 551
1007 552 502
1008 174 264
1009 782 351
1010 483 684
1011 1172 394
1012 308 302
1013 782 845
1014 720 1043
1015 863 490
1016 727 681
1017 86 404
1018 254 457
1019 1048 91
1020 517 383
1021 473 14
1022 71 852
1023 695 673
1024 1046 393
1025 972 974
1026 828 1168
1027 1070 70
1028 114 911
1029 429 882
1030 17 566
1031 174 156
1032 1099 934
1033 412 280
1034 249 1002
1035 48 260
1036 36 748
1037 61 563
1038 978 221
1039 1199 756
1040 638 175
1041 107 319
1042 47 827
1043 502 680
1044 821 36
1045 791 1054
1046 889 890
1047 253 779
1048 607 792
1049 942 395
1050 145 943
1051 9 707
1052 696 476
1053 277 1108
1054 270 824
1055 1113 861
1056 933 1
1057 698 47
1058 560 484
1059 417 24
1060 937 20
1061 818 865
1062 1102 946
1063 832 821
1064 822 1090
1065 109 944
1066 61 135
1067 819 1151
1068 499 930
1069 851 558
1070 521 751
1071 561 1147
1072 110 929
1073 204 66
1074 711 484
1075 440 44
1076 1124 1124
1077 846 479
1078 987 824
1079 1177 377
1080 497 167
1081 348 891
1082 990 222
1083 437 684
1084 614 253
1085 131 937
1086 414 871
1087 495 395
1088 259 1198
1089 807 205
1090 1112 642
1091 149 431
1092 693 13
1093 426 888
1094 225 615
1095 847 445
1096 36 866
1097 380 427
1098 1141 764
1099 936 92
1100 1098 631
1101 138 569
1102 810 463
1103 244 474
1104 830 861
1105 354 412
1106 69 58
1107 614 829
1108 302 822
1109 821 26
1110 268 662
1111 923 109
1112 167 264
1113 1112 890
1114 239 219
1115 717 700
1116 66 129
1117 1136 122
1118 180 276
1119 1022 405
1120 991 948
1121 562 507
1122 1120 614
1123
0 871 1028
1 1021 1058
2 795 1085
3 277 1176
4 1096 1111
5 471 276
6 106 286
7 1117 873
8 229 226
9 1057 59
10 973 147
11 75 841
12 477 184
13 138 442
14 513 679
15 549 1132
16 546 507
17 1084 848
18 556 379
19 1115 621
20 337 1106
21 792 867
22 459 127
23 990 958
24 551 1165
25 172 170
26 1189 365
27 296 789
28 783 355
29 790 358
30 234 212
31 367 366
32 877 1011
33 506 267
34 611 255
35 1145 150
36 44 291
37 789 495
38 595 1054
39 634 788
40 148 1195
41 813 28
42 690 34
43 726 1121
44 1002 992
45 1115 278
46 789 815
47 987 948
48 797 206
49 247 646
50 1192 750
51 804 23
52 618 948
53 812 478
54 443 885
55 431 882
56 0 948
57 1119 847
58 473 526
59 791 848
60 136 576
61 172 156
62 816 1181
63 262 1189
64 808 31
65 230 13
66 77 137
67 106 956
68 835 421
69 63 866
70 780 341
71 818 842
72 95 702
73 464 248
74 570 1139
75 239 1167
76 258 682
77 268 538
78 1129 287
79 786 1154
80 154 1050
81 449 758
82 1194 477
83 464 1063
84 120 296
85 117 956
86 783 440
87 510 391
88 817 493
89 201 478
90 91 160
91 1178 375
92 503 381
93 1134 1117
94 1114 1108
95 1120 870
96 1173 371
97 16 974
98 87 1157
99 1001 490
100 733 708
101 629 812
102 188 159
103 321 54
104 1167 344
105 808 186
106 1008 994
107 895 1044
108 996 244
109 256 524
110 608 243
111 338 1108
112 1078 60
113 35 869
114 0 961
115 821 1065
116 798 864
117 109 49
118 440 193
119 591 1050
120 940 137
121 157 97
122 1116 1099
123 146 578
124 558 507
125 771 824
126 338 94
127 1023 1179
128 644 825
129 529 1156
130 402 361
131 303 87
132 1120 637
133 848 365
134 803 1175
135 569 1136
136 208 554
137 529 1171
138 502 750
139 815 488
140 1178 387
141 649 173
142 229 223
143 967 962
144 47 163
145 386 395
146 679 143
147 964 88
148 1074 94
149 445 34
150 1102 629
151 115 706
152 680 552
153 180 1038
154 94 421
155 830 829
156 894 1042
157 375 594
158 293 808
159 239 988
160 1111 1107
161 497 185
162 791 345
163 31 845
164 972 121
165 146 583
166 77 74
167 908 918
168 425 508
169 695 673
170 386 596
171 295 652
172 425 365
173 1027 1053
174 797 1060
175 106 52
176 163 1058
177 427 884
178 379 584
179 1027 494
180 488 288
181 159 1043
182 106 291
183 791 803
184 817 24
185 1111 1103
186 462 738
187 555 508
188 955 25
189 697 700
190 412 616
191 127 1128
192 236 1161
193 183 1044
194 496 752
195 18 946
196 943 651
197 965 147
198 120 289
199 102 726
200 822 221
201 133 953
202 1121 626
203 301 781
204 789 571
205 778 803
206 663 576
207 231 101
208 823 1065
209 1115 1097
210 974 979
211 79 820
212 852 355
213 793 566
214 959 965
215 550 494
216 53 136
217 430 467
218 44 831
219 566 377
220 547 493
221 785 1083
222 602 251
223 1179 358
224 860 347
225 340 304
226 514 290
227 1009 943
228 336 317
229 1174 746
230 635 162
231 594 792
232 171 164
233 945 494
234 722 704
235 984 250
236 484 297
237 1179 1026
238 21 692
239 1132 1117
240 609 830
241 692 478
242 768 337
243 616 251
244 904 894
245 12 615
246 611 814
247 881 1049
248 138 701
249 603 939
250 344 929
251 90 395
252 619 938
253 789 189
254 1097 875
255 512 386
256 473 259
257 867 1007
258 165 150
259 1173 755
260 780 1080
261 605 242
262 829 1136
263 1104 867
264 532 684
265 138 424
266 984 235
267 996 234
268 1139 268
269 994 655
270 600 249
271 1005 1147
272 931 16
273 492 932
274 494 405
275 1192 740
276 268 530
277 279 1068
278 98 762
279 218 67
280 568 384
281 156 1135
282 972 961
283 475 55
284 1116 895
285 1042 810
286 500 939
287 809 208
288 262 544
289 333 874
290 1162 1029
291 1105 1105
292 489 932
293 273 660
294 43 864
295 592 1048
296 454 519
297 441 867
298 449 1069
299 176 147
300 490 932
301 438 50
302 780 557
303 796 1129
304 937 22
305 943 609
306 1174 506
307 684 35
308 1076 91
309 622 249
310 652 1156
311 499 291
312 939 7
313 610 769
314 240 625
315 1175 124
316 694 456
317 80 149
318 1040 814
319 610 793
320 483 722
321 973 139
322 221 205
323 435 892
324 1146 159
325 711 712
326 570 1156
327 381 370
328 859 554
329 870 1016
330 157 432
331 505 410
332 674 186
333 973 637
334 596 272
335 127 309
336 1177 143
337 158 57
338 1154 727
339 319 909
340 1043 825
341 323 320
342 152 431
343 1125 269
344 954 980
345 385 281
346 102 744
347 897 1019
348 815 18
349 394 416
350 131 753
351 181 95
352 1061 58
353 139 913
354 1023 1050
355 963 427
356 433 1069
357 864 351
358 500 387
359 1141 182
360 681 1022
361 885 920
362 1118 1125
363 818 860
364 952 821
365 531 1166
366 860 556
367 244 224
368 476 686
369 73 395
370 479 713
371 1198 1020
372 580 392
373 1026 1050
374 348 105
375 825 1063
376 720 1053
377 784 1061
378 961 794
379 1134 1095
380 500 689
381 524 393
382 135 572
383 74 43
384 253 559
385 848 556
386 809 1075
387 544 498
388 1107 272
389 766 356
390 1032 1059
391 705 685
392 450 737
393 48 314
394 633 538
395 989 634
396 242 993
397 47 131
398 481 269
399 101 65
400 1025 1153
401 794 1087
402 254 465
403 1140 263
404 857 370
405 123 327
406 614 268
407 1126 876
408 127 915
409 708 10
410 866 348
411 597 1054
412 961 613
413 1105 961
414 1173 1039
415 707 1016
416 1195 352
417 310 285
418 315 887
419 491 939
420 778 570
421 871 1026
422 771 584
423 955 423
424 638 777
425 315 913
426 8 941
427 967 986
428 478 285
429 1122 1123
430 687 164
431 1171 715
432 692 39
433 454 1045
434 166 155
435 561 394
436 99 938
437 945 95
438 152 441
439 928 10
440 762 580
441 92 49
442 731 1185
443 881 902
444 23 544
445 128 936
446 956 142
447 829 219
448 69 59
449 984 650
450 234 21
451 708 1016
452 169 1041
453 169 90
454 1096 851
455 1174 479
456 1029 1061
457 1116 853
458 249 638
459 509 182
460 846 350
461 502 932
462 858 462
463 301 890
464 685 9
465 442 763
466 70 75
467 794 585
468 337 904
469 861 555
470 949 628
471 254 683
472 806 1136
473 164 1054
474 146 424
475 383 590
476 616 952
477 609 930
478 834 1157
479 72 159
480 331 919
481 183 1057
482 1191 485
483 1123 1094
484 500 273
485 148 11
486 64 863
487 419 372
488 398 416
489 234 223
490 932 462
491 844 558
492 1192 762
493 732 691
494 138 584
495 329 85
496 64 843
497 781 328
498 600 272
499 997 214
500 1080 55
501 777 356
502 322 87
503 502 390
504 647 597
505 13 948
506 619 793
507 74 1192
508 22 280
509 275 1191
510 58 157
511 783 847
512 410 890
513 1044 1153
514 418 50
515 8 961
516 596 937
517 426 365
518 472 699
519 32 552
520 651 1194
521 223 59
522 708 464
523 562 498
524 476 207
525 955 9
526 301 54
527 395 405
528 816 861
529 38 629
530 120 721
531 1112 261
532 513 194
533 19 725
534 268 824
535 211 44
536 445 675
537 394 377
538 133 575
539 140 935
540 827 189
541 716 28
542 967 113
543 326 320
544 1099 947
545 86 67
546 761 352
547 934 636
548 1165 126
549 1095 876
550 307 298
551 791 435
552 613 260
553 897 901
554 904 1043
555 787 815
556 491 266
557 959 818
558 714 480
559 485 1024
560 182 1048
561 1106 639
562 267 814
563 1006 1169
564 597 1050
565 972 941
566 987 837
567 506 394
568 570 399
569 209 475
570 174 264
571 608 273
572 1102 640
573 17 948
574 348 894
575 814 1156
576 803 468
577 535 1136
578 482 1087
579 570 384
580 1121 943
581 600 258
582 599 265
583 1182 104
584 480 273
585 1044 824
586 302 298
587 477 680
588 890 1048
589 654 182
590 108 52
591 86 65
592 646 614
593 1182 380
594 67 173
595 863 559
596 224 483
597 282 472
598 688 694
599 312 881
600 687 43
601 629 605
602 459 12
603 288 540
604 936 160
605 151 431
606 1189 491
607 1101 1085
608 507 412
609 561 493
610 787 1178
611 785 342
612 130 312
613 950 133
614 831 193
615 19 974
616 179 264
617 980 816
618 52 126
619 178 1036
620 807 1080
621 713 695
622 567 388
623 111 300
624 0 972
625 686 1015
626 389 616
627 786 349
628 566 397
629 138 423
630 1174 1065
631 1199 768
632 594 945
633 768 343
634 928 89
635 974 473
636 805 449
637 1163 771
638 445 532
639 794 1063
640 311 312
641 324 1114
642 545 507
643 941 433
644 1105 281
645 452 55
646 536 1138
647 145 578
648 650 1193
649 713 1041
650 76 398
651 716 699
652 637 173
653 694 1038
654 311 890
655 965 100
656 185 87
657 956 446
658 1118 289
659 144 927
660 650 816
661 314 99
662 268 1164
663 792 1064
664 649 168
665 805 182
666 439 1029
667 653 169
668 503 252
669 613 950
670 402 376
671 656 170
672 72 73
673 5 942
674 267 646
675 679 28
676 709 35
677 273 1195
678 561 1155
679 273 648
680 16 730
681 244 220
682 997 212
683 1177 390
684 619 247
685 689 181
686 224 43
687 451 524
688 946 795
689 677 1165
690 244 213
691 492 947
692 147 426
693 1095 641
694 439 547
695 380 621
696 60 824
697 383 280
698 521 148
699 601 241
700 1006 850
701 455 148
702 1097 861
703 1106 1089
704 772 803
705 251 1194
706 0 586
707 937 611
708 824 19
709 618 256
710 687 1056
711 183 1042
712 277 506
713 1113 873
714 348 903
715 869 1025
716 647 782
717 251 625
718 195 99
719 1097 870
720 1167 1016
721 137 430
722 907 147
723 1001 425
724 816 185
725 929 128
726 561 396
727 262 993
728 488 947
729 1121 637
730 1180 489
731 1139 168
732 771 334
733 132 915
734 1014 1140
735 143 955
736 232 222
737 1123 631
738 171 163
739 1086 865
740 223 226
741 513 175
742 1130 277
743 397 270
744 997 792
745 56 842
746 785 1076
747 154 733
748 1102 1091
749 449 458
750 904 907
751 455 494
752 907 916
753 439 460
754 19 589
755 138 715
756 158 283
757 143 91
758 829 203
759 610 948
760 673 544
761 258 1188
762 518 411
763 267 758
764 119 759
765 325 305
766 398 290
767 248 644
768 61 152
769 1126 254
770 233 792
771 997 995
772 952 213
773 1168 191
774 389 604
775 1190 487
776 712 678
777 1006 839
778 588 1046
779 1091 939
780 255 1004
781 439 1085
782 407 479
783 90 305
784 1165 1028
785 1046 59
786 1190 457
787 945 792
788 615 250
789 676 1050
790 12 316
791 190 146
792 154 1042
793 569 388
794 823 1139
795 1109 847
796 840 460
797 72 420
798 1198 377
799 1132 1104
800 385 485
801 955 229
802 568 1143
803 645 186
804 795 1159
805 803 29
806 133 570
807 1187 388
808 255 475
809 1113 1107
810 392 266
811 283 790
812 937 131
813 801 554
814 483 55
815 607 244
816 16 952
817 188 166
818 418 881
819 1068 71
820 175 1058
821 488 141
822 339 90
823 99 312
824 1024 1063
825 417 862
826 841 1156
827 583 1052
828 1049 826
829 101 317
830 486 179
831 694 586
832 111 66
833 792 568
834 97 1113
835 968 248
836 845 555
837 697 576
838 556 375
839 617 266
840 1143 727
841 214 814
842 176 1031
843 352 399
844 791 1155
845 31 866
846 413 614
847 773 577
848 1074 95
849 719 681
850 109 955
851 211 803
852 1062 61
853 900 917
854 980 609
855 1141 258
856 320 901
857 169 70
858 480 128
859 820 222
860 415 293
861 1115 857
862 388 592
863 945 445
864 225 211
865 625 820
866 1077 86
867 51 823
868 178 1038
869 375 623
870 60 169
871 988 635
872 1173 476
873 217 501
874 59 133
875 807 198
876 717 1049
877 244 515
878 801 15
879 318 108
880 498 283
881 991 993
882 327 904
883 974 233
884 482 941
885 388 287
886 160 1042
887 883 915
888 471 271
889 131 735
890 297 914
891 980 788
892 588 955
893 99 310
894 261 811
895 156 1028
896 824 227
897 153 573
898 181 54
899 509 292
900 530 1151
901 224 743
902 1052 74
903 101 58
904 371 605
905 711 42
906 585 1055
907 421 273
908 1136 284
909 9 946
910 997 431
911 158 432
912 1000 990
913 409 408
914 1121 953
915 159 1140
916 187 162
917 718 1042
918 194 506
919 545 500
920 23 825
921 707 468
922 109 743
923 598 259
924 943 823
925 613 927
926 587 1054
927 1135 1104
928 201 514
929 313 877
930 1025 1147
931 29 856
932 90 407
933 774 334
934 800 849
935 591 944
936 1131 1090
937 521 382
938 298 622
939 776 816
940 1174 495
941 790 1160
942 1108 935
943 802 433
944 963 257
945 812 1136
946 997 262
947 833 1171
948 361 363
949 401 399
950 967 653
951 241 218
952 501 393
953 248 997
954 585 1043
955 62 846
956 475 479
957 958 659
958 1117 1096
959 500 301
960 1184 358
961 443 890
962 981 809
963 182 1052
964 163 164
965 34 843
966 33 855
967 956 16
968 693 33
969 281 1176
970 148 428
971 616 249
972 731 688
973 307 317
974 232 505
975 934 143
976 566 493
977 343 1079
978 993 647
979 388 268
980 166 148
981 1185 475
982 699 687
983 563 1139
984 1042 827
985 145 580
986 473 479
987 385 268
988 115 743
989 101 754
990 406 292
991 1124 870
992 978 833
993 585 943
994 971 975
995 774 355
996 1062 71
997 807 1161
998 190 506
999 255 499
1000 339 913
1001 820 15
1002 144 39
1003 72 409
1004 64 608
1005 106 734
1006 3 716
1007 103 913
1008 777 815
1009 27 742
1010 303 1114
1011 447 2
1012 34 752
1013 479 1028
1014 896 909
1015 231 62
1016 903 1041
1017 286 768
1018 439 889
1019 238 980
1020 695 702
1021 560 398
1022 966 4
1023 810 1129
1024 692 686
1025 554 1138
1026 775 866
1027 86 137
1028 324 876
1029 281 534
1030 491 1042
1031 629 798
1032 608 927
1033 673 135
1034 861 347
1035 1016 1182
1036 152 438
1037 333 280
1038 1024 1155
1039 1026 1052
1040 812 434
1041 962 833
1042 400 520
1043 679 1033
1044 502 407
1045 144 920
1046 932 149
1047 957 252
1048 403 525
1049 766 554
1050 972 977
1051 653 798
1052 387 549
1053 395 406
1054 441 1090
1055 144 1144
1056 172 276
1057 498 392
1058 72 45
1059 718 43
1060 183 179
1061 576 400
1062 129 738
1063 809 1178
1064 1075 96
1065 483 285
1066 802 1095
1067 949 237
1068 491 303
1069 1113 261
1070 319 919
1071 952 256
1072 336 71
1073 123 719
1074 1070 59
1075 422 267
1076 782 222
1077 362 422
1078 281 1174
1079 1095 884
1080 925 26
1081 471 1080
1082 989 232
1083 828 191
1084 883 1035
1085 635 789
1086 992 247
1087 596 826
1088 1165 1018
1089 774 557
1090 379 426
1091 338 907
1092 830 834
1093 176 146
1094 28 292
1095 485 174
1096 1137 143
1097 799 1086
1098 497 1048
1099 642 767
1100 944 493
1101 411 877
1102 500 382
1103 1171 111
1104 267 541
1105 144 708
1106 784 1055
1107 561 1136
1108 1125 1103
1109 23 696
1110 463 516
1111 881 1029
1112 397 489
1113 1111 616
1114 1064 56
1115 551 484
1116 771 808
1117 59 1121
1118 565 385
1119 255 985
1120 1095 845
1121 495 209
1122 543 491
