6257
0 888 1456
1 1292 911
2 1010 1138
3 1125 944
4 1 313
5 1216 782
6 1636 1960
7 1476 862
8 1426 1584
9 222 1840
10 956 619
11 1472 1256
12 1666 6
13 1462 1157
14 267 178
15 1785 1437
16 1213 1485
17 383 1858
18 915 747
19 548 1485
20 1757 465
21 1986 1587
22 706 1965
23 361 287
24 607 126
25 1472 522
26 1840 1883
27 639 67
28 1355 863
29 1307 1062
30 706 1583
31 1519 188
32 1906 412
33 1264 1193
34 1399 874
35 228 222
36 445 1974
37 488 1239
38 37 1846
39 173 200
40 132 1779
41 1475 1199
42 375 183
43 1130 1411
44 456 1964
45 312 1124
46 1457 516
47 240 1963
48 1553 415
49 101 329
50 895 318
51 1370 1124
52 290 1124
53 794 1122
54 1783 16
55 1409 299
56 1320 1094
57 1731 243
58 1408 1280
59 793 242
60 1725 1318
61 437 1360
62 1813 1518
63 852 740
64 751 929
65 550 1116
66 259 1984
67 1809 512
68 1497 1077
69 605 343
70 9 102
71 1007 1401
72 1654 1967
73 79 1882
74 1930 1641
75 1431 1141
76 1769 707
77 529 275
78 1140 1181
79 371 171
80 348 214
81 610 713
82 753 713
83 1161 1164
84 1082 913
85 902 341
86 1798 936
87 369 74
88 1848 947
89 13 1644
90 465 1662
91 541 1665
92 194 1808
93 1113 1422
94 618 1094
95 804 373
96 1750 280
97 1367 148
98 66 260
99 1578 592
100 906 96
101 1303 1149
102 1085 874
103 516 946
104 1595 617
105 491 780
106 330 1671
107 1104 891
108 476 1761
109 1733 1528
110 1632 1463
111 1121 579
112 754 1569
113 1175 1087
114 1239 1145
115 718 1189
116 1727 645
117 1080 992
118 452 36
119 1234 808
120 1861 1501
121 544 1429
122 1867 146
123 675 316
124 1932 1884
125 284 14
126 974 780
127 1348 187
128 127 1989
129 1624 443
130 206 1999
131 904 1254
132 258 1016
133 237 1642
134 1028 809
135 827 625
136 1339 341
137 1343 445
138 1648 1371
139 408 1842
140 343 400
141 1163 1359
142 1998 571
143 1948 579
144 552 1779
145 863 843
146 1593 469
147 1090 1169
148 750 1541
149 617 429
150 769 1085
151 456 1782
152 1103 828
153 1975 1608
154 1880 1817
155 1728 276
156 152 1733
157 250 669
158 1523 1884
159 233 261
160 590 575
161 1783 1469
162 1343 147
163 460 1847
164 566 1711
165 680 1159
166 1715 486
167 449 127
168 99 340
169 692 789
170 681 1313
171 1848 1364
172 661 1153
173 1156 1154
174 1402 854
175 1452 110
176 1863 417
177 519 1734
178 221 1857
179 1672 838
180 1922 1622
181 362 1144
182 497 326
183 458 503
184 493 1472
185 426 25
186 859 1030
187 1271 1192
188 1108 815
189 870 681
190 1074 610
191 1968 1320
192 1556 1641
193 1570 1200
194 838 870
195 1965 489
196 1178 1126
197 889 1163
198 1134 799
199 555 1894
200 1004 918
201 1997 1934
202 482 361
203 126 192
204 1385 704
205 1755 252
206 847 560
207 942 683
208 847 704
209 1402 582
210 1483 1289
211 29 230
212 1250 1104
213 478 325
214 960 1178
215 1716 1823
216 1865 464
217 1317 1378
218 1024 162
219 978 653
220 432 1720
221 1490 700
222 354 667
223 1844 1242
224 1357 261
225 1582 416
226 1390 1392
227 588 1461
228 1860 970
229 619 1863
230 967 998
231 1674 1781
232 896 1014
233 1841 567
234 1237 335
235 446 126
236 1250 320
237 1800 1239
238 1642 407
239 1081 460
240 460 512
241 1205 802
242 1198 1091
243 1376 113
244 1567 1708
245 553 22
246 558 536
247 772 1071
248 982 1230
249 697 1163
250 653 1105
251 1499 1329
252 1512 1040
253 287 1840
254 1019 1194
255 744 376
256 1887 1776
257 1017 196
258 253 322
259 1767 1157
260 1320 567
261 1532 1282
262 530 131
263 656 1720
264 378 8
265 1133 679
266 976 675
267 1684 645
268 374 114
269 1615 1202
270 1701 1346
271 856 377
272 1542 1869
273 1929 1902
274 705 1420
275 1516 867
276 944 1137
277 1280 1079
278 1700 690
279 1417 669
280 1086 557
281 1116 1050
282 1496 1648
283 111 1915
284 118 354
285 690 882
286 136 1543
287 580 676
288 1405 1129
289 739 28
290 99 1891
291 1069 1376
292 1463 814
293 1948 644
294 937 1416
295 760 205
296 1782 574
297 444 1702
298 242 287
299 1768 95
300 1744 1395
301 1804 770
302 1454 1473
303 1016 751
304 1934 1414
305 1476 1133
306 1185 1116
307 459 15
308 1684 420
309 734 338
310 1039 1411
311 928 1335
312 1691 1792
313 670 55
314 1613 166
315 1676 678
316 617 42
317 1704 1783
318 1705 277
319 970 1030
320 583 807
321 1338 849
322 1389 437
323 909 688
324 545 680
325 1147 1202
326 1433 1184
327 1205 921
328 196 77
329 1432 569
330 1210 414
331 1749 1191
332 1487 425
333 609 1384
334 1279 1490
335 1172 978
336 1226 1168
337 189 1952
338 1517 1363
339 861 996
340 298 1845
341 1742 717
342 1620 1604
343 1742 1516
344 1979 1413
345 776 1278
346 527 1850
347 842 1467
348 1227 556
349 1552 622
350 827 1184
351 1964 1896
352 119 1871
353 1083 45
354 1299 914
355 548 1474
356 1087 681
357 1541 1293
358 1965 328
359 1182 731
360 1311 1683
361 1514 574
362 965 1155
363 1072 1032
364 673 826
365 1547 1633
366 1563 139
367 1930 1980
368 1657 911
369 302 1868
370 1830 1404
371 872 1191
372 505 50
373 378 1971
374 1543 1226
375 445 1277
376 1841 231
377 1792 436
378 1736 1550
379 1885 1136
380 1192 91
381 1116 744
382 1701 472
383 1316 1315
384 754 316
385 1086 286
386 319 51
387 1508 490
388 232 1334
389 1202 195
390 1642 1066
391 831 971
392 1930 1538
393 671 566
394 1635 1432
395 307 1626
396 1970 1660
397 641 1632
398 1726 1600
399 1451 1042
400 850 350
401 973 1034
402 919 1096
403 1249 735
404 244 1607
405 1181 944
406 1625 114
407 114 1653
408 211 1680
409 289 1592
410 636 58
411 1226 852
412 1720 513
413 1525 35
414 1215 882
415 1693 864
416 1514 1437
417 366 1673
418 313 247
419 1416 853
420 501 1759
421 1858 1744
422 1637 1249
423 1652 1526
424 313 1836
425 1433 727
426 1884 1403
427 1950 766
428 1469 1315
429 1654 1752
430 324 37
431 1641 1784
432 1711 1061
433 865 898
434 209 162
435 318 113
436 916 322
437 854 971
438 1052 443
439 668 513
440 1311 1354
441 853 837
442 1218 601
443 724 1202
444 1274 875
445 498 1676
446 587 1918
447 896 1105
448 1760 113
449 705 146
450 1022 72
451 1358 605
452 639 71
453 1247 1338
454 1939 77
455 1537 1867
456 1595 1927
457 686 119
458 611 111
459 1053 1323
460 1772 1325
461 1113 725
462 1217 1471
463 357 339
464 1724 1691
465 1177 956
466 10 1754
467 1556 1386
468 888 447
469 469 270
470 936 980
471 1853 803
472 1509 575
473 221 64
474 1555 990
475 1059 606
476 1644 1375
477 994 716
478 890 990
479 785 1058
480 1298 750
481 1120 1098
482 1317 585
483 937 708
484 657 1112
485 1293 1013
486 1076 977
487 1809 1549
488 1737 1469
489 1183 1126
490 915 236
491 1791 642
492 577 1865
493 1160 666
494 832 908
495 1811 356
496 331 59
497 1582 519
498 483 1910
499 1440 575
500 1429 110
501 564 163
502 683 414
503 915 1447
504 1399 1486
505 912 1115
506 1459 1547
507 245 15
508 1580 196
509 1937 127
510 1311 361
511 919 930
512 521 260
513 504 384
514 1269 1633
515 178 1697
516 1267 904
517 1550 237
518 208 396
519 1178 889
520 600 1250
521 1219 231
522 211 1419
523 1988 723
524 1486 747
525 328 1720
526 1254 632
527 296 1850
528 1116 168
529 1401 1029
530 1373 216
531 453 836
532 1849 980
533 1552 1113
534 1001 158
535 1161 1145
536 428 646
537 1802 1483
538 1317 849
539 1935 249
540 638 1301
541 1382 646
542 381 205
543 342 982
544 1264 721
545 1627 1832
546 946 1508
547 319 1822
548 710 760
549 1284 1438
550 129 1751
551 604 1871
552 1582 655
553 1386 481
554 1439 28
555 1740 1376
556 173 1914
557 1696 1114
558 1426 397
559 1213 796
560 1499 1061
561 1984 651
562 1791 1529
563 1092 463
564 1242 1242
565 1618 1423
566 1420 1387
567 335 56
568 1494 752
569 937 905
570 1616 1343
571 1973 966
572 264 288
573 445 1171
574 1939 359
575 908 483
576 1375 1282
577 1475 825
578 1647 1040
579 417 1622
580 912 918
581 1777 1210
582 1666 238
583 959 1218
584 158 1652
585 1815 603
586 792 1381
587 1569 553
588 1765 1935
589 1705 501
590 1433 1458
591 751 277
592 1317 962
593 1104 602
594 1870 1947
595 668 1073
596 1335 1053
597 20 1801
598 1320 947
599 1600 1013
600 1599 1323
601 24 208
602 1269 825
603 985 720
604 810 619
605 1257 918
606 208 1823
607 1537 1063
608 1977 1308
609 1689 573
610 970 102
611 325 205
612 865 1000
613 1571 207
614 1764 436
615 1187 617
616 701 1250
617 1968 1421
618 886 375
619 512 1552
620 1017 824
621 445 1275
622 1904 699
623 939 682
624 723 1015
625 1442 531
626 1486 99
627 853 496
628 1288 945
629 1900 1421
630 1595 1820
631 264 589
632 504 1258
633 1107 540
634 1854 1390
635 433 1612
636 1133 1182
637 225 1257
638 1581 588
639 1482 71
640 1331 1171
641 633 1208
642 694 1163
643 1034 288
644 451 39
645 983 711
646 1199 965
647 1776 290
648 1602 909
649 1782 452
650 673 133
651 1370 1146
652 661 163
653 1702 377
654 549 1147
655 1188 632
656 471 1585
657 771 1694
658 78 1872
659 1858 1464
660 1111 1538
661 231 504
662 1594 1534
663 624 1120
664 1486 1005
665 790 362
666 1477 769
667 1864 294
668 384 1154
669 1572 252
670 1067 1201
671 1537 301
672 301 194
673 1131 1406
674 1235 794
675 1931 489
676 1414 1762
677 1741 1371
678 1053 744
679 1195 915
680 995 1574
681 645 52
682 1358 1166
683 965 659
684 917 867
685 774 448
686 767 1443
687 1846 1571
688 1882 1928
689 1831 1689
690 1262 844
691 101 1810
692 1550 717
693 415 1914
694 1823 721
695 1755 1270
696 1535 1402
697 1943 1659
698 1031 20
699 1130 194
700 323 51
701 872 1074
702 1620 1621
703 1451 169
704 1293 953
705 751 1147
706 454 306
707 1002 988
708 1626 883
709 1772 346
710 745 1058
711 1003 1149
712 1737 347
713 165 755
714 1294 680
715 1675 325
716 943 573
717 530 276
718 1146 601
719 590 1195
720 838 691
721 1420 1645
722 1339 134
723 1131 1004
724 1041 371
725 1405 325
726 879 1139
727 932 469
728 1290 250
729 1228 832
730 1432 454
731 1520 724
732 1639 1047
733 1355 275
734 1461 529
735 653 778
736 1289 1243
737 1537 767
738 176 1750
739 719 201
740 995 1014
741 216 288
742 376 1772
743 1930 136
744 1707 138
745 555 310
746 1942 1713
747 1350 99
748 771 794
749 1961 1499
750 711 328
751 484 313
752 485 465
753 1594 538
754 474 352
755 377 297
756 1459 976
757 1099 1053
758 1939 361
759 683 1045
760 1778 132
761 1279 1223
762 977 498
763 1649 1375
764 756 879
765 1355 958
766 422 1088
767 678 248
768 1023 51
769 1710 1369
770 740 1303
771 1539 905
772 157 146
773 927 399
774 1246 980
775 1089 657
776 385 186
777 1816 104
778 1933 1618
779 1276 381
780 1391 1443
781 711 1121
782 873 823
783 1095 643
784 1763 1658
785 1630 701
786 1824 612
787 488 618
788 144 1983
789 862 1259
790 761 800
791 370 1013
792 1978 1031
793 508 1632
794 1493 1228
795 509 452
796 133 41
797 1699 376
798 1972 1602
799 666 1521
800 1755 1545
801 829 1100
802 1307 1004
803 1623 132
804 559 351
805 1933 1633
806 1937 1424
807 1863 1335
808 1509 1274
809 526 256
810 1744 684
811 1585 1508
812 924 1233
813 982 827
814 1240 669
815 669 703
816 279 1773
817 1889 632
818 1531 1490
819 991 1423
820 1213 1046
821 707 1176
822 385 450
823 359 100
824 1998 1383
825 574 1370
826 1365 1184
827 1232 457
828 1151 980
829 1237 241
830 1443 446
831 1052 278
832 1672 1815
833 1359 1182
834 437 327
835 647 1544
836 695 818
837 502 1411
838 1393 1223
839 1221 1503
840 1670 1207
841 1345 439
842 1148 1135
843 1929 1379
844 503 74
845 161 1821
846 1437 1192
847 779 1036
848 1168 945
849 407 581
850 121 1408
851 1222 803
852 1098 1148
853 1863 1731
854 7 1736
855 1695 199
856 1609 1618
857 433 1914
858 1857 621
859 1449 473
860 1429 879
861 1609 1373
862 945 1662
863 1749 155
864 1581 308
865 1116 282
866 1066 583
867 1241 1479
868 842 1026
869 860 533
870 1056 981
871 1686 1042
872 1745 728
873 841 1038
874 1787 1163
875 407 1498
876 1443 1208
877 1134 1093
878 1696 98
879 137 1721
880 325 1434
881 1385 523
882 796 618
883 170 1726
884 1838 1849
885 1320 825
886 520 105
887 1746 1126
888 1349 1265
889 1920 1673
890 1106 1333
891 1243 904
892 358 184
893 1250 1299
894 1792 558
895 360 1041
896 1117 537
897 5 1997
898 590 1600
899 1366 446
900 915 921
901 1687 1699
902 1591 460
903 607 1443
904 1717 783
905 1381 493
906 208 1722
907 1769 1517
908 547 316
909 809 1196
910 916 531
911 1142 1405
912 422 255
913 726 1475
914 1184 1045
915 342 177
916 949 1486
917 1849 696
918 358 1188
919 746 252
920 1734 200
921 301 1681
922 421 369
923 1992 1440
924 1524 164
925 775 912
926 493 721
927 1660 1067
928 1794 558
929 314 1355
930 174 344
931 1496 937
932 1748 1304
933 1861 378
934 1193 1457
935 1761 1334
936 673 1353
937 214 1614
938 1359 809
939 1293 761
940 1856 1684
941 1668 1418
942 443 40
943 608 1309
944 1654 1850
945 401 88
946 577 1208
947 752 1098
948 1120 948
949 1230 691
950 1314 781
951 882 1330
952 170 691
953 1171 881
954 1734 1832
955 1223 779
956 1751 206
957 61 418
958 505 1099
959 651 918
960 1067 1182
961 1993 605
962 1312 1002
963 8 1879
964 570 477
965 135 507
966 1681 706
967 1453 275
968 1183 384
969 790 1088
970 536 1618
971 401 168
972 459 1540
973 682 51
974 296 1875
975 1970 959
976 1888 469
977 725 1083
978 384 537
979 1591 1560
980 1478 1204
981 1283 504
982 538 408
983 1328 115
984 962 581
985 136 1940
986 586 148
987 1462 939
988 1170 1070
989 1400 372
990 1987 1146
991 1082 660
992 1449 1474
993 761 1427
994 1722 1240
995 621 262
996 1206 695
997 1027 941
998 892 1491
999 1754 764
1000 979 735
1001 1595 908
1002 496 275
1003 1475 129
1004 180 1861
1005 791 987
1006 1460 1695
1007 279 138
1008 217 1706
1009 61 430
1010 241 1907
1011 382 1519
1012 950 346
1013 1761 1668
1014 1362 1067
1015 602 873
1016 47 1985
1017 1385 1309
1018 444 1095
1019 1605 636
1020 1281 1299
1021 1157 974
1022 1849 521
1023 446 422
1024 681 1159
1025 1714 437
1026 1322 1116
1027 1089 875
1028 171 116
1029 1055 736
1030 890 1255
1031 911 872
1032 853 737
1033 574 240
1034 235 85
1035 1831 427
1036 1050 631
1037 428 28
1038 289 424
1039 1153 835
1040 302 114
1041 317 1707
1042 142 1973
1043 709 1144
1044 1609 247
1045 526 707
1046 1622 1762
1047 1146 967
1048 1695 1589
1049 553 1549
1050 1866 1340
1051 210 536
1052 1466 170
1053 1820 476
1054 1303 909
1055 562 39
1056 1765 1025
1057 1342 1072
1058 769 1551
1059 328 82
1060 1893 364
1061 1154 821
1062 1800 842
1063 1948 1312
1064 1093 1283
1065 272 1522
1066 441 1896
1067 1089 937
1068 1621 114
1069 690 334
1070 686 1153
1071 1911 581
1072 356 623
1073 687 953
1074 1996 572
1075 567 649
1076 484 1364
1077 959 771
1078 1098 297
1079 794 822
1080 352 1841
1081 1623 1589
1082 1928 339
1083 353 1471
1084 397 164
1085 1926 1090
1086 286 1254
1087 1815 115
1088 748 1116
1089 453 261
1090 1098 814
1091 1552 1342
1092 294 1316
1093 819 123
1094 1350 1246
1095 1320 454
1096 704 767
1097 1824 783
1098 1113 908
1099 545 1109
1100 862 669
1101 790 1367
1102 1041 1060
1103 50 115
1104 271 1795
1105 1246 913
1106 776 1585
1107 1382 1323
1108 1518 1647
1109 1570 852
1110 1407 38
1111 560 1518
1112 47 1998
1113 1026 1208
1114 1828 1386
1115 247 1686
1116 1619 1071
1117 1738 1587
1118 1107 497
1119 1142 866
1120 1249 1009
1121 936 941
1122 360 1076
1123 1520 830
1124 1645 842
1125 606 267
1126 1799 1559
1127 1734 1783
1128 881 608
1129 201 678
1130 1722 1647
1131 150 1
1132 614 1324
1133 612 309
1134 596 1156
1135 599 132
1136 1674 793
1137 1025 1137
1138 704 1393
1139 567 218
1140 1632 1792
1141 1193 555
1142 336 1929
1143 1482 961
1144 109 1746
1145 395 1710
1146 120 1963
1147 1804 104
1148 1195 1
1149 1936 437
1150 764 1135
1151 160 1840
1152 979 1039
1153 549 1236
1154 1029 567
1155 396 1313
1156 401 1778
1157 897 225
1158 1705 56
1159 383 1290
1160 1841 296
1161 572 983
1162 1176 803
1163 646 1007
1164 1334 1579
1165 1546 759
1166 999 171
1167 568 50
1168 1505 218
1169 1759 1469
1170 1404 361
1171 591 1753
1172 37 416
1173 1146 758
1174 761 719
1175 200 1332
1176 332 1826
1177 1331 1135
1178 954 1179
1179 1195 1427
1180 1150 843
1181 1885 234
1182 527 1916
1183 442 1725
1184 0 88
1185 1618 1300
1186 1600 907
1187 448 1960
1188 995 1608
1189 1033 933
1190 428 180
1191 1129 984
1192 562 1149
1193 1088 1429
1194 938 737
1195 1189 761
1196 1996 1394
1197 1369 155
1198 1927 1660
1199 489 149
1200 1261 1088
1201 923 1154
1202 1753 1403
1203 1226 778
1204 1740 217
1205 482 297
1206 1508 231
1207 729 671
1208 1098 505
1209 1752 696
1210 1840 1226
1211 833 506
1212 1120 923
1213 1874 1736
1214 1044 999
1215 1715 1839
1216 1991 801
1217 1821 404
1218 1291 1381
1219 331 1577
1220 445 80
1221 763 1444
1222 238 1896
1223 110 102
1224 1755 1650
1225 277 291
1226 1717 350
1227 1641 1006
1228 411 976
1229 43 1751
1230 1131 845
1231 858 651
1232 290 1773
1233 923 1143
1234 697 205
1235 1791 433
1236 1428 1276
1237 1794 796
1238 758 113
1239 1494 1554
1240 1757 1307
1241 956 728
1242 954 787
1243 1315 135
1244 130 1855
1245 488 1831
1246 833 825
1247 1907 1820
1248 1217 480
1249 1427 814
1250 468 1976
1251 1581 289
1252 1346 1113
1253 1867 1687
1254 595 455
1255 668 47
1256 266 1888
1257 1840 1773
1258 276 1360
1259 1704 540
1260 1400 981
1261 1548 975
1262 1077 355
1263 1074 704
1264 236 80
1265 1831 248
1266 315 1924
1267 629 344
1268 1163 481
1269 473 1261
1270 562 882
1271 1950 1514
1272 1992 1026
1273 913 817
1274 452 1766
1275 1740 1520
1276 990 660
1277 443 48
1278 194 1783
1279 1159 1221
1280 254 395
1281 1626 1574
1282 166 59
1283 201 255
1284 1570 643
1285 1276 713
1286 1486 128
1287 1947 339
1288 1934 1853
1289 511 1551
1290 1492 212
1291 1196 315
1292 1209 120
1293 820 494
1294 1595 1241
1295 331 1935
1296 485 1295
1297 992 572
1298 610 1202
1299 1362 1346
1300 1521 1476
1301 1330 16
1302 1765 1297
1303 1590 1819
1304 1837 1281
1305 1705 454
1306 483 28
1307 1065 1260
1308 1222 568
1309 200 1702
1310 1997 1423
1311 1542 775
1312 768 920
1313 1845 1630
1314 106 1628
1315 277 351
1316 488 272
1317 1508 1039
1318 543 1780
1319 744 652
1320 1977 374
1321 1708 405
1322 850 1063
1323 619 763
1324 604 1505
1325 1165 837
1326 860 363
1327 1778 1184
1328 1864 1500
1329 1104 1291
1330 252 1975
1331 1832 87
1332 1135 1307
1333 1889 324
1334 1482 718
1335 523 550
1336 199 459
1337 1167 794
1338 294 1938
1339 805 470
1340 1062 1455
1341 379 243
1342 1909 312
1343 212 343
1344 1410 1427
1345 320 277
1346 1739 619
1347 1939 1962
1348 785 647
1349 1716 1136
1350 131 183
1351 1127 412
1352 1561 1074
1353 1805 1433
1354 1075 1284
1355 938 1115
1356 442 378
1357 1235 522
1358 1912 154
1359 214 1863
1360 79 1810
1361 1431 604
1362 826 888
1363 1736 1262
1364 1216 764
1365 639 1817
1366 898 1161
1367 1620 1352
1368 530 455
1369 1579 398
1370 894 604
1371 1628 1546
1372 484 95
1373 573 1412
1374 255 1384
1375 222 59
1376 1937 122
1377 617 227
1378 1460 1260
1379 1275 984
1380 1545 108
1381 745 947
1382 1768 296
1383 1976 625
1384 819 286
1385 771 899
1386 1279 601
1387 1393 1431
1388 1009 593
1389 648 1632
1390 570 1977
1391 510 138
1392 284 1491
1393 1333 1384
1394 969 873
1395 876 689
1396 788 86
1397 1045 1017
1398 633 1533
1399 1233 1122
1400 1522 1370
1401 103 1920
1402 1691 1400
1403 375 1899
1404 1325 108
1405 1666 582
1406 1706 622
1407 866 869
1408 224 1894
1409 1381 371
1410 499 421
1411 963 673
1412 912 492
1413 261 1649
1414 173 1835
1415 486 1530
1416 136 116
1417 1701 264
1418 1912 409
1419 1710 451
1420 1642 643
1421 1892 78
1422 45 145
1423 786 1449
1424 1386 630
1425 1096 851
1426 1877 1385
1427 1840 1037
1428 178 1835
1429 1327 968
1430 1166 1018
1431 1566 415
1432 598 191
1433 1397 1087
1434 1038 947
1435 1898 1835
1436 1976 1363
1437 464 1457
1438 1352 140
1439 1497 1359
1440 1448 80
1441 1604 806
1442 422 1234
1443 1814 269
1444 286 1698
1445 1301 1291
1446 943 1331
1447 194 1657
1448 155 1489
1449 1510 447
1450 750 762
1451 492 1504
1452 1032 651
1453 1433 763
1454 947 1097
1455 1845 1472
1456 619 1041
1457 998 625
1458 1458 724
1459 1901 417
1460 1308 1118
1461 404 30
1462 950 1567
1463 1605 135
1464 1796 842
1465 1090 896
1466 1217 1033
1467 1694 447
1468 1090 846
1469 765 547
1470 872 1208
1471 265 1859
1472 1122 903
1473 972 842
1474 1039 1073
1475 1933 582
1476 934 1179
1477 59 1493
1478 1421 1206
1479 1404 413
1480 507 122
1481 1504 469
1482 1487 406
1483 630 1141
1484 1977 1530
1485 1307 959
1486 421 1413
1487 1744 276
1488 129 261
1489 1997 1895
1490 891 381
1491 1891 413
1492 1650 1593
1493 1151 539
1494 1825 1686
1495 105 1941
1496 1839 1730
1497 472 1394
1498 1966 190
1499 463 1727
1500 1518 590
1501 643 348
1502 243 471
1503 1842 1760
1504 1658 1884
1505 1563 1480
1506 1950 728
1507 563 1715
1508 308 613
1509 1543 550
1510 578 1008
1511 1471 1051
1512 1863 376
1513 1189 799
1514 1020 1093
1515 908 1195
1516 752 997
1517 552 550
1518 466 447
1519 1654 356
1520 685 642
1521 1355 656
1522 1351 168
1523 683 1272
1524 334 69
1525 1025 226
1526 126 527
1527 1739 466
1528 405 198
1529 925 865
1530 399 1218
1531 164 1774
1532 657 1514
1533 684 60
1534 1458 491
1535 1803 505
1536 1479 1618
1537 886 1479
1538 1345 960
1539 393 1273
1540 1050 1293
1541 1465 715
1542 1293 710
1543 1868 551
1544 570 1729
1545 1139 1304
1546 224 1483
1547 1237 114
1548 1985 550
1549 544 1064
1550 1133 718
1551 1849 1155
1552 748 861
1553 239 1252
1554 1228 1012
1555 1980 1254
1556 392 1154
1557 1657 1798
1558 203 1547
1559 1399 772
1560 475 116
1561 922 1216
1562 203 1615
1563 1464 687
1564 1449 171
1565 805 198
1566 515 1640
1567 343 215
1568 1106 970
1569 1522 1138
1570 1356 927
1571 65 445
1572 1411 1367
1573 1514 1167
1574 109 1782
1575 1549 1258
1576 632 698
1577 414 1212
1578 448 352
1579 1667 351
1580 1911 343
1581 610 388
1582 1500 245
1583 433 70
1584 248 1905
1585 933 306
1586 1446 104
1587 1489 469
1588 1822 671
1589 1002 925
1590 1510 412
1591 1223 657
1592 1074 1170
1593 1180 80
1594 568 1350
1595 891 916
1596 380 1985
1597 1198 1255
1598 1445 1171
1599 752 1951
1600 713 1202
1601 928 685
1602 1565 1354
1603 863 704
1604 954 524
1605 819 854
1606 805 666
1607 1134 1382
1608 511 1114
1609 1786 653
1610 1692 1478
1611 1211 1258
1612 830 821
1613 852 837
1614 604 853
1615 213 1967
1616 1502 514
1617 1514 1555
1618 385 1552
1619 1747 1231
1620 471 1903
1621 910 987
1622 734 863
1623 324 254
1624 1438 694
1625 1726 594
1626 1530 707
1627 196 1761
1628 1850 1216
1629 989 1230
1630 620 69
1631 782 1233
1632 726 739
1633 1183 526
1634 62 290
1635 452 174
1636 1114 698
1637 1768 1309
1638 1634 228
1639 995 964
1640 1089 560
1641 308 299
1642 853 427
1643 902 716
1644 1583 1988
1645 341 1220
1646 1322 251
1647 455 276
1648 662 1454
1649 1152 1091
1650 1439 137
1651 10 188
1652 1518 586
1653 1910 1969
1654 1657 1393
1655 1969 1741
1656 1182 206
1657 1673 697
1658 754 422
1659 1426 838
1660 1846 292
1661 1548 1547
1662 101 125
1663 485 497
1664 1339 933
1665 563 939
1666 1340 288
1667 703 860
1668 1983 826
1669 39 365
1670 401 1468
1671 1067 894
1672 1820 442
1673 1724 692
1674 1926 1734
1675 354 109
1676 1852 1684
1677 1951 1936
1678 494 1917
1679 394 421
1680 1115 846
1681 111 1888
1682 485 1010
1683 1661 272
1684 1476 721
1685 1323 922
1686 1892 726
1687 1088 1182
1688 743 169
1689 1201 479
1690 782 1195
1691 717 929
1692 1622 566
1693 1585 1170
1694 1384 292
1695 769 949
1696 171 79
1697 1647 972
1698 808 1325
1699 774 1346
1700 749 1350
1701 1683 408
1702 1941 368
1703 1338 630
1704 673 348
1705 1186 1273
1706 960 1135
1707 1849 1271
1708 1555 1076
1709 467 1983
1710 1878 334
1711 486 27
1712 1163 147
1713 980 1049
1714 266 1797
1715 464 1902
1716 1873 680
1717 1064 787
1718 651 900
1719 1364 1714
1720 1866 365
1721 826 563
1722 1628 563
1723 964 48
1724 1462 417
1725 1126 1064
1726 1077 1030
1727 1244 920
1728 522 393
1729 1158 454
1730 703 147
1731 871 1641
1732 307 309
1733 1781 1968
1734 833 123
1735 1858 1473
1736 1628 1272
1737 1418 253
1738 1303 1206
1739 1494 858
1740 264 254
1741 994 1369
1742 718 1174
1743 545 1577
1744 1954 266
1745 1973 667
1746 528 929
1747 839 1218
1748 1128 1060
1749 440 1784
1750 1283 1081
1751 952 880
1752 1700 303
1753 980 707
1754 1131 394
1755 1648 1204
1756 997 698
1757 274 1995
1758 754 1286
1759 1414 834
1760 1070 578
1761 1675 952
1762 1757 1606
1763 308 1436
1764 1701 911
1765 1076 615
1766 1401 1329
1767 400 332
1768 602 448
1769 612 176
1770 305 1663
1771 1106 173
1772 38 182
1773 324 1730
1774 851 952
1775 354 312
1776 1265 222
1777 1565 1995
1778 335 1472
1779 382 1861
1780 306 347
1781 520 1949
1782 1547 1824
1783 90 1899
1784 411 346
1785 677 1267
1786 250 1882
1787 435 1953
1788 1369 1256
1789 1689 234
1790 1904 1324
1791 579 984
1792 1109 797
1793 346 1569
1794 505 1976
1795 403 938
1796 373 1939
1797 590 733
1798 1266 1467
1799 190 424
1800 1062 739
1801 1732 466
1802 1737 648
1803 537 1004
1804 235 1762
1805 105 71
1806 1221 807
1807 441 1546
1808 1239 297
1809 1453 483
1810 628 1545
1811 289 56
1812 1784 377
1813 1506 163
1814 1348 703
1815 1776 925
1816 1486 997
1817 149 181
1818 640 1168
1819 307 257
1820 539 293
1821 548 342
1822 1732 1011
1823 703 336
1824 1692 1459
1825 587 237
1826 1305 873
1827 650 1197
1828 424 985
1829 775 1471
1830 1512 84
1831 1790 1202
1832 1830 362
1833 497 275
1834 529 122
1835 1397 504
1836 1527 274
1837 633 331
1838 82 1588
1839 437 701
1840 1497 948
1841 1491 44
1842 557 1576
1843 959 287
1844 312 1641
1845 1490 1196
1846 729 1141
1847 1807 1040
1848 359 55
1849 987 804
1850 1992 437
1851 69 244
1852 1533 953
1853 1627 239
1854 1176 755
1855 55 1629
1856 1904 162
1857 1728 1240
1858 1404 1151
1859 66 1911
1860 642 121
1861 821 839
1862 1157 828
1863 1040 1360
1864 528 238
1865 405 186
1866 1020 1069
1867 398 22
1868 1647 1387
1869 1242 664
1870 1183 926
1871 566 1998
1872 1733 1349
1873 1118 1213
1874 1897 1485
1875 1493 237
1876 583 966
1877 1155 746
1878 621 175
1879 1687 1279
1880 184 212
1881 1232 1176
1882 392 28
1883 1789 835
1884 821 784
1885 1968 572
1886 1393 521
1887 641 59
1888 977 1045
1889 1127 449
1890 1272 1021
1891 1582 324
1892 407 1541
1893 1293 628
1894 770 971
1895 1664 208
1896 348 385
1897 1160 1174
1898 991 1415
1899 628 1212
1900 1095 975
1901 1092 542
1902 1664 474
1903 1096 1422
1904 1280 145
1905 1778 1399
1906 735 261
1907 640 124
1908 1070 1340
1909 603 1472
1910 1298 1274
1911 1445 320
1912 1741 345
1913 578 920
1914 826 1023
1915 205 148
1916 1252 810
1917 1031 783
1918 1237 667
1919 510 1408
1920 795 1469
1921 1889 1370
1922 228 1825
1923 800 107
1924 134 224
1925 1402 353
1926 1446 1537
1927 1047 1353
1928 410 1712
1929 1361 431
1930 397 638
1931 690 1332
1932 1801 1904
1933 412 458
1934 1583 681
1935 272 1464
1936 455 188
1937 1357 1417
1938 439 113
1939 753 210
1940 996 796
1941 1031 1020
1942 1268 660
1943 662 1591
1944 1894 1104
1945 1307 233
1946 1818 1517
1947 1184 1540
1948 913 1348
1949 921 1288
1950 1730 279
1951 1198 938
1952 410 357
1953 1412 941
1954 1887 491
1955 768 611
1956 1627 404
1957 1347 758
1958 1823 1590
1959 1346 1309
1960 555 1755
1961 1236 483
1962 1618 286
1963 494 66
1964 231 87
1965 249 1592
1966 1100 733
1967 788 1004
1968 606 399
1969 1447 167
1970 1087 1227
1971 1704 1045
1972 1812 1504
1973 1637 923
1974 1858 1579
1975 57 1521
1976 1381 686
1977 1953 205
1978 118 322
1979 1598 543
1980 681 53
1981 1095 978
1982 563 349
1983 1205 1097
1984 1094 1180
1985 1182 861
1986 1127 572
1987 876 1106
1988 209 1492
1989 990 821
1990 1706 1218
1991 464 1626
1992 1195 865
1993 1837 1211
1994 999 208
1995 538 206
1996 224 1634
1997 1443 623
1998 1490 961
1999 1059 166
2000 1300 388
2001 1716 1514
2002 847 233
2003 282 360
2004 1430 825
2005 1759 455
2006 299 74
2007 371 1761
2008 1565 215
2009 531 350
2010 499 61
2011 417 183
2012 808 611
2013 776 867
2014 708 965
2015 1538 1392
2016 1267 1235
2017 285 365
2018 1773 1896
2019 1070 303
2020 394 80
2021 237 1371
2022 1561 550
2023 501 628
2024 1457 798
2025 1396 380
2026 609 1261
2027 1569 1649
2028 873 290
2029 854 1000
2030 892 1025
2031 1376 945
2032 1965 1854
2033 1680 1478
2034 684 1514
2035 1163 909
2036 1877 365
2037 799 414
2038 1767 1290
2039 581 1948
2040 98 292
2041 1080 1263
2042 1477 1908
2043 214 1905
2044 1121 611
2045 1530 1465
2046 260 402
2047 274 1782
2048 945 748
2049 1652 1815
2050 748 1732
2051 1363 186
2052 71 389
2053 959 982
2054 256 102
2055 1831 1602
2056 1104 889
2057 285 256
2058 1857 551
2059 1624 826
2060 544 237
2061 56 58
2062 87 1783
2063 259 273
2064 385 1929
2065 850 44
2066 1885 1647
2067 715 492
2068 550 1263
2069 1124 1137
2070 768 1358
2071 1479 1415
2072 852 1274
2073 1703 201
2074 1087 1389
2075 1349 118
2076 1659 1243
2077 946 240
2078 1537 176
2079 1362 1191
2080 768 1284
2081 1592 1093
2082 1897 1679
2083 783 1168
2084 1369 701
2085 236 162
2086 1723 1468
2087 1940 398
2088 1056 976
2089 145 1967
2090 1092 777
2091 907 1147
2092 360 130
2093 1119 1096
2094 1794 223
2095 1795 1554
2096 936 478
2097 989 949
2098 81 162
2099 1231 525
2100 1729 390
2101 1068 1464
2102 985 1133
2103 574 7
2104 1160 1234
2105 1407 226
2106 1847 1313
2107 1723 199
2108 1882 1267
2109 1730 188
2110 483 1813
2111 1109 1005
2112 278 1889
2113 46 159
2114 1147 745
2115 1170 633
2116 1227 881
2117 1458 995
2118 777 800
2119 1080 1001
2120 1188 1091
2121 1134 851
2122 944 1537
2123 1791 1347
2124 411 1607
2125 1990 1173
2126 1676 316
2127 836 483
2128 604 30
2129 1753 40
2130 1231 630
2131 833 1118
2132 1419 910
2133 931 1634
2134 1031 808
2135 1824 1084
2136 1605 1847
2137 1736 1494
2138 859 635
2139 1482 238
2140 1757 979
2141 1886 606
2142 1483 74
2143 1773 152
2144 826 1438
2145 599 1427
2146 1240 675
2147 1888 1598
2148 767 455
2149 894 138
2150 1278 1370
2151 1139 985
2152 1575 326
2153 369 1571
2154 651 35
2155 1281 611
2156 1063 623
2157 490 506
2158 1414 213
2159 1503 567
2160 1421 367
2161 342 1400
2162 269 93
2163 624 1356
2164 1726 1208
2165 1733 1350
2166 451 365
2167 609 964
2168 1572 1381
2169 988 1435
2170 218 150
2171 1863 257
2172 1859 536
2173 1735 1417
2174 1814 1551
2175 168 1561
2176 590 1412
2177 1966 647
2178 271 98
2179 992 718
2180 646 1519
2181 1454 1205
2182 1930 722
2183 374 988
2184 661 1520
2185 697 29
2186 418 459
2187 577 335
2188 1221 1065
2189 1200 1494
2190 888 217
2191 1518 1288
2192 858 676
2193 765 966
2194 1669 357
2195 882 624
2196 1968 1363
2197 1203 359
2198 1111 182
2199 1279 960
2200 598 25
2201 1924 569
2202 610 1511
2203 1640 437
2204 165 188
2205 1027 1000
2206 376 0
2207 447 1087
2208 1430 841
2209 1213 1278
2210 570 1576
2211 1628 1867
2212 267 1830
2213 525 5
2214 892 203
2215 564 46
2216 1722 1416
2217 1707 862
2218 1471 961
2219 1453 373
2220 1576 264
2221 1564 293
2222 1734 1511
2223 1699 55
2224 283 1836
2225 1827 472
2226 1348 665
2227 511 982
2228 620 1196
2229 1701 803
2230 1807 1538
2231 1452 1485
2232 1718 430
2233 1839 299
2234 462 386
2235 391 243
2236 861 1113
2237 775 655
2238 480 1539
2239 1449 1214
2240 68 1668
2241 763 957
2242 279 1639
2243 1319 883
2244 1669 1571
2245 1020 1555
2246 1105 995
2247 10 76
2248 1508 880
2249 1512 344
2250 366 1592
2251 713 353
2252 798 1332
2253 1504 38
2254 1617 1282
2255 1557 444
2256 676 458
2257 1216 1035
2258 92 310
2259 1623 528
2260 579 1174
2261 389 145
2262 1479 590
2263 1740 1834
2264 1138 1079
2265 187 1865
2266 95 1804
2267 627 296
2268 1622 494
2269 306 1372
2270 381 606
2271 1870 1437
2272 426 164
2273 1167 221
2274 1263 1154
2275 1535 429
2276 1364 915
2277 1967 599
2278 1122 659
2279 356 271
2280 1833 1456
2281 1281 1146
2282 1282 1312
2283 884 1248
2284 457 2
2285 1154 1536
2286 1564 1345
2287 1351 1025
2288 1382 324
2289 860 998
2290 200 1704
2291 1899 1810
2292 999 682
2293 133 1733
2294 1886 1576
2295 609 120
2296 1757 1750
2297 1601 175
2298 596 1837
2299 217 16
2300 1976 448
2301 705 1438
2302 668 1250
2303 322 1617
2304 200 1753
2305 618 153
2306 318 1421
2307 356 218
2308 1203 838
2309 1792 1520
2310 544 464
2311 909 1205
2312 353 446
2313 1781 126
2314 201 1967
2315 315 414
2316 1292 263
2317 1500 502
2318 440 104
2319 970 34
2320 648 1006
2321 573 115
2322 561 1369
2323 179 1920
2324 1158 686
2325 1403 798
2326 525 314
2327 1536 1348
2328 836 1141
2329 66 271
2330 1868 772
2331 1983 1877
2332 380 1884
2333 1100 1157
2334 649 425
2335 1979 212
2336 1434 326
2337 1120 759
2338 68 80
2339 415 1785
2340 372 1853
2341 555 242
2342 1490 872
2343 874 1150
2344 441 664
2345 723 483
2346 1203 1468
2347 657 378
2348 742 1165
2349 1741 447
2350 76 1648
2351 768 1569
2352 1114 879
2353 1399 211
2354 936 470
2355 146 1523
2356 1196 957
2357 1870 1604
2358 211 63
2359 1729 30
2360 1349 959
2361 265 90
2362 1533 74
2363 1699 395
2364 1521 1688
2365 1336 868
2366 1023 635
2367 1131 1061
2368 934 871
2369 990 1058
2370 87 29
2371 637 1968
2372 733 1298
2373 584 1159
2374 1422 275
2375 417 310
2376 63 771
2377 375 335
2378 184 2
2379 1148 914
2380 1176 1143
2381 276 471
2382 299 248
2383 1573 821
2384 1646 1474
2385 1206 670
2386 1083 984
2387 333 1902
2388 1683 154
2389 595 776
2390 578 1907
2391 1302 1898
2392 1123 703
2393 1479 519
2394 1588 1756
2395 852 1213
2396 1698 1803
2397 299 376
2398 1444 1621
2399 1526 1448
2400 720 1084
2401 1507 1564
2402 1625 565
2403 965 815
2404 1042 1083
2405 1355 1329
2406 82 1567
2407 1441 1548
2408 511 1742
2409 25 31
2410 248 1449
2411 947 575
2412 1680 113
2413 1206 1284
2414 513 175
2415 1142 1503
2416 734 959
2417 1106 1153
2418 1860 397
2419 1417 1407
2420 1197 988
2421 1204 1277
2422 1015 757
2423 213 1592
2424 878 1520
2425 614 269
2426 1728 1635
2427 336 1672
2428 1591 1378
2429 124 1893
2430 1383 792
2431 309 1792
2432 841 714
2433 896 1126
2434 1549 501
2435 1504 1239
2436 1872 1827
2437 1165 1196
2438 1999 902
2439 1538 1248
2440 1 1914
2441 1933 1104
2442 1002 1053
2443 648 1876
2444 1171 302
2445 545 1568
2446 371 1774
2447 1261 1162
2448 739 204
2449 805 770
2450 503 1026
2451 1395 278
2452 1287 230
2453 527 1511
2454 1723 1264
2455 1115 895
2456 1962 1760
2457 653 998
2458 1596 1399
2459 1516 256
2460 1474 1179
2461 1653 101
2462 373 560
2463 816 61
2464 727 895
2465 1556 1648
2466 1386 1281
2467 733 1101
2468 980 613
2469 1500 411
2470 1951 331
2471 1077 997
2472 1184 1666
2473 1745 366
2474 1568 1247
2475 985 627
2476 667 1285
2477 1385 731
2478 249 461
2479 1739 1247
2480 505 1116
2481 1402 1223
2482 259 291
2483 315 1939
2484 671 207
2485 801 777
2486 794 1334
2487 907 880
2488 780 1089
2489 382 459
2490 172 1683
2491 1364 1328
2492 1141 638
2493 621 194
2494 758 975
2495 1489 1044
2496 306 353
2497 1901 1715
2498 1922 1329
2499 1034 737
2500 1675 1675
2501 1572 519
2502 1507 1703
2503 97 1873
2504 788 1560
2505 427 11
2506 1295 463
2507 1518 1107
2508 1735 1850
2509 715 146
2510 581 294
2511 697 1009
2512 1442 1148
2513 1102 1020
2514 1613 315
2515 1809 94
2516 1499 1701
2517 165 1807
2518 1405 1382
2519 390 720
2520 843 1016
2521 1459 764
2522 554 147
2523 1345 1610
2524 327 151
2525 1266 374
2526 1580 881
2527 1614 1398
2528 1257 681
2529 33 481
2530 63 1765
2531 1876 334
2532 376 351
2533 512 432
2534 1877 1500
2535 729 774
2536 1324 488
2537 1343 1466
2538 1452 413
2539 904 934
2540 1158 767
2541 1137 857
2542 1556 687
2543 193 1924
2544 691 747
2545 1607 922
2546 848 1180
2547 461 1921
2548 1522 90
2549 492 1569
2550 770 1596
2551 367 178
2552 920 379
2553 393 1764
2554 918 92
2555 585 1393
2556 541 108
2557 398 670
2558 1631 1171
2559 380 1618
2560 464 1883
2561 1495 297
2562 568 467
2563 1276 1125
2564 1438 202
2565 348 1752
2566 405 222
2567 1813 439
2568 1323 1268
2569 1613 906
2570 1065 817
2571 1748 1572
2572 991 682
2573 1408 1170
2574 125 1632
2575 417 23
2576 398 1888
2577 501 215
2578 1825 1541
2579 1528 1296
2580 273 1877
2581 430 1509
2582 1019 446
2583 768 656
2584 611 96
2585 1645 754
2586 1591 425
2587 1125 1241
2588 1155 1011
2589 234 1760
2590 1413 867
2591 531 1924
2592 42 123
2593 859 932
2594 19 152
2595 301 1672
2596 1096 826
2597 1683 404
2598 1559 498
2599 1484 1226
2600 405 415
2601 611 638
2602 963 1024
2603 879 744
2604 1451 1520
2605 1053 1016
2606 1970 1966
2607 490 154
2608 322 1821
2609 765 488
2610 492 968
2611 1205 478
2612 977 687
2613 1621 1640
2614 63 514
2615 509 265
2616 1392 1046
2617 919 535
2618 1035 553
2619 739 252
2620 229 305
2621 1846 476
2622 686 165
2623 401 1898
2624 1896 1865
2625 1432 1166
2626 408 1905
2627 1187 1097
2628 983 1295
2629 1169 486
2630 787 0
2631 1681 566
2632 1480 829
2633 939 867
2634 1217 1409
2635 783 1081
2636 818 989
2637 445 1656
2638 686 1205
2639 1980 415
2640 1533 1711
2641 1930 579
2642 1771 372
2643 1286 893
2644 793 742
2645 905 1256
2646 984 854
2647 54 85
2648 476 1982
2649 1657 1503
2650 1338 1042
2651 1669 1961
2652 783 929
2653 458 1990
2654 1612 1497
2655 33 338
2656 365 185
2657 1070 1242
2658 1724 1972
2659 469 1727
2660 1750 1844
2661 896 1032
2662 387 36
2663 1046 1144
2664 1771 342
2665 1509 583
2666 1043 730
2667 491 103
2668 543 1897
2669 1955 1444
2670 286 303
2671 1258 184
2672 1114 1103
2673 1433 1338
2674 698 1205
2675 598 254
2676 487 1261
2677 99 427
2678 1018 776
2679 1896 317
2680 1452 830
2681 907 1096
2682 1708 1526
2683 1755 1433
2684 1609 1620
2685 1420 458
2686 1709 1385
2687 1062 721
2688 357 172
2689 170 1496
2690 1075 519
2691 1901 1267
2692 657 1005
2693 298 1988
2694 1833 1301
2695 1834 1714
2696 1345 875
2697 1793 1649
2698 216 1443
2699 1291 578
2700 1640 376
2701 1401 898
2702 353 1451
2703 26 41
2704 1457 1217
2705 727 317
2706 1612 1199
2707 443 1564
2708 518 1312
2709 625 1569
2710 372 29
2711 1254 1190
2712 985 775
2713 1439 399
2714 1532 724
2715 1962 1241
2716 662 677
2717 499 1126
2718 1752 958
2719 504 238
2720 1066 543
2721 509 1504
2722 141 1311
2723 1332 655
2724 1389 895
2725 1214 1185
2726 1353 726
2727 1122 1224
2728 1570 143
2729 549 332
2730 845 1058
2731 622 211
2732 376 363
2733 1287 1037
2734 1092 884
2735 1895 1681
2736 462 1330
2737 96 522
2738 223 1928
2739 1138 1206
2740 496 1937
2741 184 1999
2742 774 1095
2743 1657 1219
2744 1752 1275
2745 1655 379
2746 1484 1532
2747 1032 649
2748 613 68
2749 695 1032
2750 1832 995
2751 522 372
2752 222 164
2753 1377 553
2754 567 1326
2755 886 697
2756 654 1002
2757 1900 568
2758 582 1451
2759 1230 1121
2760 903 1373
2761 1525 383
2762 1400 533
2763 668 1716
2764 1739 1766
2765 1288 970
2766 643 1305
2767 31 1752
2768 1837 1650
2769 411 1981
2770 665 457
2771 206 1692
2772 1064 779
2773 1001 1053
2774 1236 908
2775 1723 378
2776 1786 1503
2777 933 330
2778 520 1403
2779 1852 389
2780 366 89
2781 1003 1389
2782 1063 884
2783 1591 1497
2784 817 38
2785 352 1951
2786 285 1949
2787 320 1779
2788 1874 554
2789 1392 1607
2790 573 1432
2791 470 1964
2792 7 1688
2793 1779 315
2794 1733 71
2795 1799 1120
2796 1148 855
2797 3 1607
2798 1064 650
2799 1559 1232
2800 181 487
2801 317 55
2802 1096 186
2803 1682 623
2804 1607 449
2805 100 164
2806 1739 182
2807 1130 613
2808 1500 640
2809 1208 1202
2810 1227 322
2811 1122 163
2812 1268 1034
2813 1633 1475
2814 333 1639
2815 1691 1339
2816 1839 1244
2817 1792 1622
2818 1841 1315
2819 464 1756
2820 1819 1452
2821 177 320
2822 1292 1399
2823 244 302
2824 1306 693
2825 1074 1194
2826 1591 981
2827 670 1367
2828 1417 544
2829 222 1391
2830 781 900
2831 1409 1386
2832 360 1471
2833 1403 1141
2834 331 1985
2835 1079 889
2836 1138 779
2837 1146 160
2838 1143 923
2839 1698 1632
2840 250 1602
2841 1489 453
2842 448 438
2843 1143 1065
2844 934 120
2845 950 1221
2846 593 355
2847 385 1396
2848 1178 225
2849 880 1220
2850 1162 39
2851 268 1600
2852 1799 99
2853 733 772
2854 705 530
2855 1293 334
2856 1885 892
2857 54 1575
2858 1736 1767
2859 686 1159
2860 202 1612
2861 1727 1243
2862 1201 1062
2863 1665 662
2864 1472 1302
2865 1993 1599
2866 903 637
2867 133 192
2868 1051 548
2869 235 199
2870 1125 1229
2871 905 654
2872 1219 627
2873 882 1147
2874 1446 1091
2875 1193 1664
2876 248 1405
2877 474 77
2878 951 1012
2879 225 404
2880 1784 546
2881 1893 282
2882 1249 1047
2883 601 836
2884 1179 721
2885 1970 337
2886 962 1012
2887 807 278
2888 1683 626
2889 1399 580
2890 1890 729
2891 1700 1592
2892 1132 1005
2893 1713 377
2894 941 1284
2895 990 891
2896 1449 461
2897 952 1518
2898 1758 540
2899 287 1834
2900 1500 1061
2901 981 849
2902 239 587
2903 722 1031
2904 1407 559
2905 793 1223
2906 1838 1911
2907 1715 1941
2908 1025 1454
2909 1051 757
2910 1562 1434
2911 1065 20
2912 651 636
2913 733 1313
2914 90 1755
2915 1742 259
2916 1238 1208
2917 340 886
2918 779 1160
2919 535 163
2920 1557 1415
2921 979 977
2922 34 1892
2923 1783 1592
2924 603 1143
2925 1722 470
2926 1409 250
2927 683 1572
2928 1496 556
2929 1403 464
2930 221 1940
2931 1804 1641
2932 311 1679
2933 547 1549
2934 1678 517
2935 963 572
2936 1930 1596
2937 1462 321
2938 927 851
2939 1898 1433
2940 933 651
2941 1932 1338
2942 1823 744
2943 1805 1255
2944 373 3
2945 1897 1535
2946 994 904
2947 1818 1223
2948 1273 1056
2949 682 589
2950 1065 1129
2951 1251 1187
2952 1576 1353
2953 732 29
2954 1410 633
2955 1132 260
2956 1105 494
2957 1442 1222
2958 1337 749
2959 859 331
2960 171 1921
2961 490 1605
2962 997 982
2963 1661 274
2964 321 1714
2965 1719 173
2966 263 1591
2967 213 1745
2968 352 1917
2969 1417 1744
2970 551 904
2971 844 777
2972 1650 1793
2973 1383 805
2974 1403 719
2975 1822 870
2976 1730 1535
2977 1917 830
2978 1134 490
2979 1748 14
2980 511 250
2981 1233 633
2982 1110 753
2983 1370 870
2984 1676 680
2985 190 1920
2986 1830 1106
2987 656 1550
2988 1232 1225
2989 1723 1396
2990 1483 197
2991 1449 1292
2992 1398 904
2993 1101 1366
2994 1236 915
2995 426 1675
2996 327 288
2997 1576 494
2998 1073 947
2999 240 151
3000 1696 1468
3001 1356 1230
3002 702 1382
3003 1179 1434
3004 1704 1510
3005 1785 412
3006 561 1376
3007 770 237
3008 333 322
3009 1258 863
3010 940 1107
3011 1981 291
3012 1271 168
3013 573 1373
3014 750 940
3015 1667 292
3016 191 1801
3017 1946 1477
3018 1660 1418
3019 1743 1288
3020 448 1651
3021 888 438
3022 1537 147
3023 1249 1525
3024 140 1552
3025 916 1179
3026 334 1876
3027 530 289
3028 205 1985
3029 822 1065
3030 1090 1323
3031 107 1618
3032 954 1060
3033 1851 695
3034 1690 1999
3035 536 294
3036 1199 1280
3037 108 1583
3038 1419 767
3039 1673 1698
3040 190 223
3041 927 1269
3042 86 1554
3043 774 519
3044 1267 1028
3045 1164 725
3046 934 767
3047 214 288
3048 497 310
3049 1929 1855
3050 1448 1357
3051 1310 716
3052 289 400
3053 1423 95
3054 1595 618
3055 749 1245
3056 1369 753
3057 221 1793
3058 1237 1001
3059 1356 215
3060 1965 286
3061 987 638
3062 1884 1936
3063 1663 1514
3064 1214 1063
3065 1882 1041
3066 1032 1015
3067 448 1162
3068 1905 728
3069 233 1964
3070 1985 1376
3071 1941 22
3072 1321 354
3073 1408 388
3074 176 368
3075 1570 1371
3076 1437 1640
3077 234 1903
3078 373 1865
3079 1210 421
3080 480 384
3081 1626 1189
3082 1335 1047
3083 1690 809
3084 1422 172
3085 420 1561
3086 1128 626
3087 1051 1282
3088 921 619
3089 346 1576
3090 122 1857
3091 657 1056
3092 1133 414
3093 1407 769
3094 886 833
3095 397 1048
3096 1420 1195
3097 919 982
3098 203 1864
3099 1670 283
3100 746 827
3101 1618 1562
3102 1695 526
3103 1709 512
3104 219 1845
3105 463 1010
3106 1596 1478
3107 1544 567
3108 755 806
3109 1613 1338
3110 1056 907
3111 1036 923
3112 136 193
3113 1845 739
3114 1365 1605
3115 165 1634
3116 1907 1847
3117 1760 1744
3118 735 1244
3119 1583 1234
3120 1693 919
3121 85 1451
3122 779 452
3123 18 1821
3124 1190 1395
3125 778 1273
3126 971 1265
3127 991 719
3128 180 1445
3129 891 1102
3130 252 1717
3131 857 1281
3132 1759 111
3133 1529 649
3134 999 807
3135 309 1992
3136 961 745
3137 222 1778
3138 588 864
3139 889 1441
3140 1242 1104
3141 576 1197
3142 1773 1361
3143 304 1628
3144 488 14
3145 896 800
3146 1627 1956
3147 1726 397
3148 1182 920
3149 246 262
3150 525 115
3151 742 546
3152 1096 1349
3153 884 1093
3154 170 1706
3155 607 1106
3156 1819 565
3157 510 150
3158 139 483
3159 894 1236
3160 1129 974
3161 1523 467
3162 1437 518
3163 469 1014
3164 227 618
3165 1297 1144
3166 1092 1042
3167 1903 261
3168 1405 1130
3169 1349 230
3170 608 1730
3171 1710 1722
3172 1723 1629
3173 1437 906
3174 1479 527
3175 1529 1839
3176 1051 988
3177 983 852
3178 1309 1023
3179 1719 304
3180 1114 1159
3181 305 147
3182 284 1797
3183 465 1705
3184 795 1134
3185 917 839
3186 1435 690
3187 1888 1612
3188 1265 48
3189 79 1666
3190 1761 312
3191 166 1537
3192 1643 962
3193 864 1064
3194 735 861
3195 68 1946
3196 1176 569
3197 480 305
3198 1148 964
3199 642 1029
3200 1447 1257
3201 1993 1763
3202 293 1356
3203 338 344
3204 591 420
3205 1283 829
3206 389 1137
3207 964 1038
3208 1673 166
3209 1919 1653
3210 416 1212
3211 1455 1328
3212 958 1192
3213 717 1164
3214 1832 1746
3215 778 229
3216 1108 1084
3217 539 1993
3218 1129 559
3219 1218 932
3220 876 518
3221 524 228
3222 1510 256
3223 994 711
3224 258 1857
3225 1795 262
3226 1209 959
3227 1138 908
3228 734 884
3229 1806 1357
3230 1513 1388
3231 1077 736
3232 1843 1377
3233 562 1890
3234 909 967
3235 1514 1556
3236 1285 955
3237 430 363
3238 33 322
3239 1331 1548
3240 182 1773
3241 239 1957
3242 1073 608
3243 1642 1682
3244 1383 798
3245 1265 437
3246 1114 711
3247 1562 368
3248 612 1415
3249 281 1639
3250 1539 618
3251 586 572
3252 1240 476
3253 1315 1150
3254 1860 1436
3255 923 1325
3256 1714 1452
3257 1296 867
3258 1695 16
3259 148 17
3260 1791 619
3261 43 1945
3262 709 1704
3263 1327 348
3264 1500 1200
3265 1403 351
3266 950 290
3267 1974 1318
3268 652 195
3269 221 247
3270 473 1273
3271 1119 877
3272 592 384
3273 87 1931
3274 1191 1169
3275 1236 984
3276 1216 1098
3277 584 1074
3278 1357 966
3279 1692 1132
3280 1135 953
3281 1554 1644
3282 1523 1202
3283 656 1279
3284 381 440
3285 409 1084
3286 104 388
3287 950 1202
3288 1729 1681
3289 336 1256
3290 1486 503
3291 1928 1063
3292 1957 1490
3293 1444 261
3294 1477 248
3295 1944 273
3296 511 1087
3297 1462 343
3298 1419 911
3299 1521 946
3300 970 656
3301 638 1010
3302 1177 721
3303 1001 870
3304 1106 326
3305 72 1758
3306 1771 1433
3307 781 1386
3308 1465 1623
3309 1666 1237
3310 1463 578
3311 311 365
3312 1534 1497
3313 1522 1596
3314 628 366
3315 1383 1552
3316 379 1107
3317 1976 80
3318 1300 1116
3319 387 1969
3320 1905 621
3321 1609 1622
3322 1264 1356
3323 573 1310
3324 1136 1154
3325 918 803
3326 1033 815
3327 1425 1176
3328 1509 1425
3329 1871 230
3330 1596 1516
3331 1596 175
3332 1080 1029
3333 772 1272
3334 1624 1799
3335 327 385
3336 1689 465
3337 1004 949
3338 1121 1011
3339 1279 895
3340 715 633
3341 62 1522
3342 1908 1396
3343 1196 548
3344 806 1227
3345 714 1398
3346 803 870
3347 735 71
3348 57 1598
3349 1017 874
3350 1031 647
3351 809 1003
3352 1926 250
3353 233 1794
3354 1664 1795
3355 265 1394
3356 1855 649
3357 825 756
3358 1625 455
3359 1350 1064
3360 392 346
3361 834 585
3362 444 145
3363 1755 51
3364 255 411
3365 1755 321
3366 1234 960
3367 696 1411
3368 994 740
3369 1016 1149
3370 1180 1146
3371 1983 1616
3372 162 257
3373 1465 301
3374 1915 1974
3375 1514 1707
3376 303 1661
3377 426 1260
3378 253 132
3379 1867 374
3380 352 192
3381 1260 667
3382 332 1534
3383 1776 256
3384 658 220
3385 529 252
3386 406 183
3387 1734 1265
3388 1991 448
3389 1232 1227
3390 1621 128
3391 1859 275
3392 536 512
3393 877 959
3394 644 1246
3395 1009 762
3396 1733 1599
3397 1839 1718
3398 1532 596
3399 278 1940
3400 1415 356
3401 1749 1401
3402 1479 508
3403 525 1598
3404 1334 210
3405 1526 113
3406 1711 250
3407 1660 303
3408 1526 181
3409 551 630
3410 1099 690
3411 1504 487
3412 863 1422
3413 1801 147
3414 979 668
3415 1476 1546
3416 924 696
3417 1453 71
3418 32 1625
3419 274 67
3420 855 1375
3421 1253 987
3422 304 325
3423 1416 1376
3424 1413 1942
3425 1723 62
3426 1643 601
3427 1240 259
3428 304 149
3429 1977 154
3430 1384 394
3431 1682 1777
3432 1048 1302
3433 547 1758
3434 723 789
3435 1561 797
3436 349 200
3437 1477 1394
3438 1749 441
3439 569 1769
3440 792 1367
3441 860 939
3442 311 1797
3443 952 579
3444 428 450
3445 1903 1292
3446 737 1445
3447 747 1035
3448 631 1962
3449 98 1963
3450 1396 209
3451 1932 633
3452 1909 553
3453 841 1082
3454 1419 685
3455 1971 1256
3456 770 1297
3457 662 79
3458 1715 258
3459 1912 1199
3460 161 1528
3461 1553 348
3462 1701 597
3463 1461 1500
3464 1143 712
3465 1992 1795
3466 99 1928
3467 579 1904
3468 1514 797
3469 741 1374
3470 849 579
3471 171 1231
3472 339 1982
3473 207 1835
3474 464 506
3475 632 126
3476 1826 598
3477 958 902
3478 40 1871
3479 707 1123
3480 1427 232
3481 1671 1410
3482 869 1411
3483 468 432
3484 889 255
3485 408 1351
3486 281 1741
3487 350 946
3488 1576 308
3489 1585 1121
3490 1697 558
3491 971 1361
3492 1782 237
3493 1624 1117
3494 547 1797
3495 1438 940
3496 1761 188
3497 649 597
3498 1711 1217
3499 1341 88
3500 1175 41
3501 1611 952
3502 1926 1656
3503 867 1164
3504 973 768
3505 1171 1631
3506 115 1967
3507 1647 1297
3508 1716 331
3509 1196 1017
3510 474 17
3511 1524 315
3512 916 112
3513 678 1498
3514 570 74
3515 1234 1075
3516 1426 468
3517 317 1375
3518 1256 1268
3519 1362 1163
3520 992 95
3521 870 585
3522 1539 1668
3523 1622 1924
3524 200 79
3525 1386 23
3526 266 1995
3527 665 1078
3528 1311 770
3529 1066 595
3530 977 675
3531 1845 1585
3532 800 430
3533 1534 1336
3534 1668 909
3535 443 1403
3536 603 1487
3537 1190 1011
3538 1800 123
3539 19 1760
3540 1725 420
3541 1971 1169
3542 858 1227
3543 932 991
3544 1674 1768
3545 1230 1127
3546 1408 1465
3547 938 853
3548 1223 1099
3549 570 149
3550 276 1671
3551 768 776
3552 1459 498
3553 1674 1621
3554 1179 1325
3555 1954 474
3556 1712 853
3557 1399 836
3558 1557 1200
3559 1583 706
3560 217 103
3561 1490 126
3562 738 131
3563 120 151
3564 1191 870
3565 772 1125
3566 841 809
3567 116 1763
3568 1238 1409
3569 1108 893
3570 1436 1215
3571 1838 1025
3572 1619 1460
3573 556 135
3574 1102 1283
3575 1843 1695
3576 632 378
3577 186 1931
3578 384 354
3579 184 1638
3580 1098 1051
3581 1662 1463
3582 344 1995
3583 1360 686
3584 986 735
3585 1075 736
3586 439 214
3587 1690 320
3588 1899 1301
3589 185 42
3590 1492 1583
3591 42 1973
3592 1131 1236
3593 295 1664
3594 1643 297
3595 1115 406
3596 1769 1874
3597 861 922
3598 1687 733
3599 982 967
3600 87 1735
3601 530 339
3602 1405 88
3603 461 446
3604 613 1466
3605 364 381
3606 1750 1901
3607 1736 1250
3608 376 1945
3609 1912 258
3610 852 1377
3611 1769 634
3612 1156 1386
3613 829 1006
3614 637 448
3615 1787 417
3616 815 324
3617 1023 1071
3618 1570 1136
3619 1679 1687
3620 1765 1248
3621 1098 981
3622 1374 738
3623 1125 629
3624 1819 1165
3625 623 423
3626 1478 385
3627 905 925
3628 1790 466
3629 845 906
3630 1574 373
3631 1820 1294
3632 1293 371
3633 1781 1138
3634 967 859
3635 1179 270
3636 642 1093
3637 1054 978
3638 1258 1700
3639 1402 779
3640 177 1384
3641 790 161
3642 867 815
3643 1916 1918
3644 965 830
3645 1216 1096
3646 595 1651
3647 1872 1765
3648 795 831
3649 1381 1681
3650 627 298
3651 236 40
3652 902 899
3653 1025 703
3654 797 164
3655 1106 1376
3656 1783 447
3657 1854 304
3658 901 921
3659 1040 465
3660 1464 1646
3661 304 1419
3662 1783 505
3663 564 1498
3664 1573 1495
3665 1741 1640
3666 1538 1704
3667 1790 13
3668 1720 1456
3669 280 1771
3670 1675 387
3671 761 1290
3672 832 986
3673 1255 1291
3674 986 944
3675 1309 1205
3676 990 603
3677 1010 1100
3678 945 610
3679 1716 1696
3680 636 1401
3681 189 368
3682 458 1382
3683 1554 320
3684 919 662
3685 1415 305
3686 1092 469
3687 384 1268
3688 460 1981
3689 1600 1155
3690 863 784
3691 93 1977
3692 1236 720
3693 1756 443
3694 1218 939
3695 342 193
3696 1482 800
3697 993 662
3698 470 1016
3699 1942 1448
3700 1783 1553
3701 1663 368
3702 328 1532
3703 1731 771
3704 1812 1583
3705 609 185
3706 1838 1685
3707 587 856
3708 532 207
3709 1708 959
3710 642 127
3711 1644 640
3712 738 670
3713 634 1067
3714 1355 698
3715 323 443
3716 1183 414
3717 1179 269
3718 901 886
3719 740 1186
3720 1188 95
3721 891 1236
3722 352 166
3723 1469 1229
3724 1840 1159
3725 568 92
3726 1091 997
3727 1226 509
3728 1067 473
3729 154 90
3730 107 1771
3731 1722 766
3732 1398 1411
3733 266 109
3734 1129 774
3735 775 306
3736 1638 1321
3737 788 467
3738 590 1201
3739 1765 176
3740 1164 990
3741 733 1469
3742 1737 1816
3743 1010 692
3744 288 49
3745 1173 1088
3746 854 576
3747 1653 824
3748 1715 981
3749 442 709
3750 1991 1236
3751 1365 1699
3752 1765 1561
3753 256 1335
3754 1586 614
3755 281 1411
3756 1500 675
3757 708 1392
3758 22 1821
3759 1684 783
3760 908 260
3761 203 674
3762 1419 209
3763 1648 148
3764 301 1634
3765 1611 101
3766 1004 5
3767 1139 767
3768 928 782
3769 328 402
3770 1348 390
3771 1080 875
3772 1700 210
3773 1416 1683
3774 1769 1270
3775 1606 464
3776 13 303
3777 1958 540
3778 395 686
3779 419 1299
3780 1320 530
3781 1292 476
3782 1268 797
3783 1650 22
3784 1490 584
3785 995 873
3786 435 602
3787 558 235
3788 243 1661
3789 533 532
3790 1388 1256
3791 724 1244
3792 1442 1886
3793 949 1079
3794 1574 1515
3795 791 369
3796 1903 1739
3797 774 388
3798 1106 736
3799 427 1940
3800 1381 895
3801 726 886
3802 260 1220
3803 66 1652
3804 1579 462
3805 1711 812
3806 1602 78
3807 108 1878
3808 1566 348
3809 1434 415
3810 584 341
3811 1739 465
3812 1183 601
3813 621 1455
3814 714 1112
3815 1381 1146
3816 833 920
3817 935 253
3818 228 1775
3819 1647 131
3820 584 6
3821 1825 1889
3822 1646 1824
3823 1291 723
3824 1890 53
3825 1785 1490
3826 1918 956
3827 828 232
3828 1865 1357
3829 710 688
3830 942 1197
3831 1509 1339
3832 337 104
3833 1226 727
3834 861 1293
3835 463 1871
3836 398 224
3837 1681 285
3838 622 1705
3839 394 1573
3840 530 1034
3841 252 135
3842 388 1731
3843 1357 606
3844 1445 1234
3845 539 422
3846 1689 1147
3847 474 1249
3848 1372 1114
3849 460 31
3850 727 1439
3851 1621 1269
3852 91 291
3853 763 669
3854 425 1639
3855 629 970
3856 478 1880
3857 781 327
3858 1931 332
3859 1419 619
3860 60 271
3861 1795 1036
3862 602 1058
3863 509 1538
3864 1884 1643
3865 788 1229
3866 710 69
3867 1584 1637
3868 121 1925
3869 1851 614
3870 240 1612
3871 1850 1651
3872 947 811
3873 69 1485
3874 1994 1458
3875 1733 636
3876 1439 963
3877 1869 610
3878 758 1391
3879 1358 1251
3880 1880 1695
3881 1489 1264
3882 1775 29
3883 768 936
3884 1482 1085
3885 1312 286
3886 875 813
3887 128 1633
3888 1936 1382
3889 1819 105
3890 584 959
3891 651 1873
3892 1722 169
3893 1292 807
3894 1548 164
3895 1954 1225
3896 418 1937
3897 1022 893
3898 1148 480
3899 1860 1480
3900 402 458
3901 1100 988
3902 1915 732
3903 737 1105
3904 396 1863
3905 355 1824
3906 589 964
3907 995 825
3908 1437 147
3909 116 152
3910 302 404
3911 44 187
3912 1651 868
3913 1505 265
3914 782 955
3915 1469 559
3916 1133 1057
3917 1187 540
3918 1502 479
3919 1371 1701
3920 666 188
3921 1612 728
3922 831 733
3923 1414 1345
3924 725 1330
3925 1841 1534
3926 1223 871
3927 1010 1226
3928 1122 314
3929 1632 175
3930 851 1413
3931 1419 1188
3932 983 466
3933 1337 382
3934 1145 978
3935 456 1262
3936 1725 1301
3937 867 1101
3938 1393 868
3939 1425 687
3940 780 1324
3941 309 1498
3942 742 258
3943 1492 1494
3944 664 227
3945 1640 1255
3946 640 294
3947 1265 1092
3948 1597 300
3949 1669 281
3950 1696 1334
3951 1264 613
3952 1205 633
3953 1639 1551
3954 856 1022
3955 1414 1679
3956 1072 1106
3957 1510 875
3958 1919 1376
3959 699 1332
3960 300 294
3961 1104 762
3962 526 253
3963 1033 845
3964 1078 879
3965 70 1928
3966 1032 1026
3967 740 1599
3968 350 53
3969 1021 1097
3970 1062 1299
3971 761 0
3972 388 1850
3973 1523 754
3974 220 100
3975 566 355
3976 1222 1349
3977 979 1036
3978 288 85
3979 947 799
3980 314 1999
3981 784 1394
3982 174 1928
3983 1663 1837
3984 533 1140
3985 1991 1634
3986 1485 309
3987 972 1165
3988 1536 888
3989 476 1694
3990 1735 1191
3991 1712 1856
3992 614 1527
3993 311 131
3994 1998 1234
3995 1458 51
3996 362 768
3997 1535 820
3998 1263 997
3999 1315 270
4000 937 734
4001 1411 724
4002 258 1877
4003 1762 1416
4004 453 1255
4005 1572 1548
4006 1031 1172
4007 1544 1471
4008 1720 388
4009 389 309
4010 332 1867
4011 783 248
4012 1440 481
4013 1404 1179
4014 65 1639
4015 1614 1267
4016 1771 232
4017 384 406
4018 1720 452
4019 1666 1436
4020 610 1269
4021 375 1863
4022 950 1536
4023 1618 772
4024 438 176
4025 1838 288
4026 1444 427
4027 880 1390
4028 1733 512
4029 664 563
4030 1706 1816
4031 952 912
4032 1468 953
4033 1318 1080
4034 1113 665
4035 888 1022
4036 4 156
4037 796 163
4038 1878 482
4039 1595 1499
4040 568 448
4041 1098 1580
4042 427 998
4043 1986 1042
4044 814 480
4045 1925 246
4046 1392 855
4047 1695 1357
4048 1052 1041
4049 54 242
4050 1930 1758
4051 1547 1498
4052 1082 974
4053 1037 548
4054 250 1704
4055 1558 1465
4056 644 1430
4057 1740 689
4058 709 1201
4059 1017 343
4060 1179 573
4061 1773 1572
4062 1697 308
4063 929 1035
4064 836 982
4065 741 1142
4066 1203 1061
4067 596 430
4068 1488 1035
4069 1348 690
4070 597 1601
4071 1838 58
4072 1223 1321
4073 1347 1600
4074 1766 928
4075 201 1754
4076 944 811
4077 1642 1140
4078 295 1839
4079 1408 1497
4080 1290 1189
4081 1103 871
4082 1902 476
4083 1841 978
4084 1729 1837
4085 210 1856
4086 204 1685
4087 1475 1517
4088 250 254
4089 1342 376
4090 786 911
4091 831 657
4092 152 38
4093 727 1119
4094 524 1039
4095 1032 999
4096 1044 1414
4097 1734 667
4098 965 1081
4099 1678 423
4100 807 1270
4101 778 791
4102 577 559
4103 106 1891
4104 1161 632
4105 1571 1855
4106 1507 1728
4107 679 1483
4108 31 1981
4109 1634 353
4110 160 1997
4111 657 1531
4112 237 1753
4113 906 811
4114 138 1538
4115 1218 879
4116 1728 265
4117 1234 966
4118 295 503
4119 1541 683
4120 305 420
4121 28 325
4122 1659 637
4123 1754 1378
4124 1187 1011
4125 661 1461
4126 460 233
4127 348 1861
4128 1006 1373
4129 491 63
4130 375 1507
4131 364 1846
4132 411 1309
4133 765 1296
4134 895 1247
4135 1147 1148
4136 131 53
4137 290 1460
4138 773 1254
4139 726 1157
4140 1773 1270
4141 249 1898
4142 788 418
4143 1623 730
4144 81 1845
4145 1138 254
4146 1438 1306
4147 1826 441
4148 1753 1012
4149 1851 1442
4150 1951 1277
4151 763 114
4152 1433 881
4153 1709 593
4154 955 1195
4155 1371 1423
4156 1091 540
4157 365 1608
4158 522 1984
4159 668 924
4160 1111 1435
4161 1217 717
4162 116 273
4163 793 699
4164 425 310
4165 485 375
4166 274 181
4167 1566 318
4168 1116 138
4169 1001 1270
4170 1817 679
4171 1480 971
4172 516 352
4173 1730 1646
4174 1402 1258
4175 1464 823
4176 304 1857
4177 1710 1713
4178 1548 1397
4179 245 334
4180 1217 321
4181 1799 1387
4182 1800 1661
4183 641 192
4184 1825 1556
4185 1283 1546
4186 389 1560
4187 1149 985
4188 850 1034
4189 385 1873
4190 1621 1680
4191 1501 1091
4192 743 1211
4193 380 1962
4194 247 1814
4195 124 26
4196 208 2
4197 800 1406
4198 1790 333
4199 1238 369
4200 1009 938
4201 1459 1135
4202 1718 1418
4203 1943 639
4204 1387 1445
4205 1900 974
4206 1776 1447
4207 1733 513
4208 1847 560
4209 958 1091
4210 1313 868
4211 1844 484
4212 1967 652
4213 622 1704
4214 954 577
4215 1686 359
4216 408 1345
4217 423 29
4218 1766 1576
4219 1629 340
4220 1196 453
4221 199 486
4222 1817 154
4223 572 1223
4224 435 1876
4225 1231 244
4226 565 1410
4227 684 295
4228 478 1336
4229 590 1648
4230 1440 1492
4231 680 136
4232 954 1147
4233 1563 372
4234 1623 1339
4235 86 1829
4236 1127 1074
4237 1166 1138
4238 1082 857
4239 449 797
4240 1536 712
4241 410 410
4242 1776 1440
4243 1463 508
4244 963 983
4245 1367 1289
4246 374 184
4247 955 1290
4248 1727 481
4249 1778 48
4250 1212 286
4251 1218 896
4252 447 1803
4253 867 899
4254 358 1885
4255 906 1050
4256 1735 643
4257 1708 1794
4258 1224 1397
4259 1654 127
4260 1091 975
4261 375 88
4262 348 79
4263 1331 168
4264 1711 278
4265 543 1333
4266 533 814
4267 1464 1945
4268 1780 1435
4269 1631 410
4270 798 585
4271 1257 1325
4272 482 131
4273 1031 879
4274 1231 796
4275 1495 341
4276 1833 882
4277 1163 733
4278 1423 414
4279 302 60
4280 1422 25
4281 1522 975
4282 1572 226
4283 1385 1297
4284 1785 1052
4285 1814 724
4286 1527 1333
4287 1498 622
4288 1155 772
4289 1156 775
4290 854 942
4291 371 1442
4292 104 1916
4293 1971 1483
4294 173 1790
4295 968 1066
4296 1704 435
4297 1016 726
4298 95 1377
4299 1203 528
4300 213 1761
4301 1257 903
4302 1817 1225
4303 31 59
4304 1708 1344
4305 822 832
4306 298 358
4307 475 593
4308 1646 103
4309 1600 1560
4310 656 904
4311 1633 1530
4312 623 980
4313 1270 855
4314 1789 894
4315 1191 849
4316 190 1636
4317 958 1058
4318 435 225
4319 534 1852
4320 1623 225
4321 1135 744
4322 419 193
4323 1027 1214
4324 1173 614
4325 1077 1129
4326 1575 431
4327 1180 1173
4328 1051 1500
4329 559 1627
4330 385 1485
4331 1885 486
4332 169 429
4333 29 1590
4334 1811 1351
4335 1177 999
4336 1743 1749
4337 1497 1541
4338 1527 62
4339 1066 947
4340 1908 1586
4341 1062 767
4342 1031 1444
4343 1467 728
4344 1317 944
4345 887 1029
4346 1733 1644
4347 419 149
4348 823 880
4349 1874 1298
4350 720 1715
4351 1156 323
4352 1180 242
4353 1532 1845
4354 1939 287
4355 368 1895
4356 1181 843
4357 606 1385
4358 1730 414
4359 1908 898
4360 1568 1415
4361 1465 42
4362 1564 1387
4363 1674 156
4364 1067 367
4365 1621 1248
4366 865 1005
4367 173 1932
4368 154 1281
4369 1379 526
4370 1296 1477
4371 544 1168
4372 591 650
4373 1709 1138
4374 329 1873
4375 666 1586
4376 1318 1262
4377 690 853
4378 1496 330
4379 52 1928
4380 87 1511
4381 1452 1389
4382 1383 1292
4383 1645 1741
4384 36 143
4385 33 1582
4386 906 1369
4387 278 1677
4388 665 1522
4389 1360 1229
4390 1258 782
4391 921 1694
4392 1322 1267
4393 1018 1037
4394 760 970
4395 272 1855
4396 428 260
4397 45 7
4398 1485 1067
4399 1378 1336
4400 696 1605
4401 164 1022
4402 278 1811
4403 336 181
4404 955 1177
4405 470 1301
4406 1118 1073
4407 1519 1153
4408 307 1879
4409 1094 1231
4410 1485 230
4411 686 1088
4412 777 926
4413 1789 1655
4414 1634 363
4415 1397 1649
4416 625 294
4417 997 674
4418 60 1611
4419 1357 1551
4420 680 772
4421 1021 993
4422 608 327
4423 589 1176
4424 478 1283
4425 1033 1220
4426 669 1106
4427 685 175
4428 286 45
4429 297 16
4430 1868 140
4431 1054 510
4432 1711 621
4433 71 1724
4434 1157 389
4435 1191 371
4436 1334 1023
4437 1648 361
4438 1196 1231
4439 829 1374
4440 1442 16
4441 704 1456
4442 795 966
4443 457 339
4444 361 557
4445 627 22
4446 399 206
4447 1923 310
4448 361 474
4449 349 413
4450 716 1050
4451 1937 1462
4452 1561 727
4453 1710 1349
4454 1463 312
4455 1369 569
4456 1900 605
4457 669 490
4458 1138 1042
4459 1921 1609
4460 1502 354
4461 1329 306
4462 309 1745
4463 1613 705
4464 379 1561
4465 767 579
4466 1346 1208
4467 1104 1413
4468 1956 86
4469 1970 1373
4470 196 3
4471 1852 1063
4472 1460 1647
4473 1013 840
4474 1653 1500
4475 854 1012
4476 1843 559
4477 1814 1817
4478 1540 1773
4479 1386 302
4480 882 1230
4481 1635 900
4482 886 379
4483 1752 518
4484 469 288
4485 1395 1341
4486 1719 1236
4487 381 1562
4488 1475 674
4489 1250 1289
4490 866 1567
4491 1493 1117
4492 1484 610
4493 1334 110
4494 1934 1620
4495 409 1831
4496 743 1089
4497 1428 218
4498 1128 1178
4499 595 149
4500 1185 1113
4501 151 86
4502 1988 1355
4503 507 5
4504 1974 93
4505 1040 776
4506 1202 1305
4507 1684 254
4508 4 485
4509 439 210
4510 194 382
4511 646 1434
4512 1276 887
4513 1605 876
4514 1323 676
4515 33 310
4516 362 1725
4517 522 1024
4518 930 566
4519 996 724
4520 732 1065
4521 1701 361
4522 1519 504
4523 1903 347
4524 1250 1049
4525 1016 1148
4526 614 1421
4527 714 171
4528 1537 1668
4529 1114 1249
4530 780 1230
4531 1003 995
4532 1442 778
4533 1352 403
4534 1646 1204
4535 1781 20
4536 1648 1160
4537 1902 1722
4538 1400 731
4539 503 122
4540 1229 1403
4541 15 99
4542 1020 1197
4543 1538 310
4544 1152 888
4545 613 168
4546 1699 1298
4547 1926 1570
4548 1514 416
4549 1816 1997
4550 1799 1623
4551 389 1733
4552 473 140
4553 1257 617
4554 1302 1261
4555 1306 679
4556 1547 1280
4557 352 1652
4558 1724 200
4559 1635 1240
4560 1477 891
4561 307 1907
4562 340 1801
4563 1848 1251
4564 410 1748
4565 36 220
4566 1548 1104
4567 1489 316
4568 422 1283
4569 892 520
4570 1716 1667
4571 383 309
4572 480 719
4573 39 90
4574 140 193
4575 930 16
4576 1674 1354
4577 1983 1903
4578 1233 809
4579 1565 1391
4580 1238 1070
4581 330 122
4582 1485 375
4583 1841 237
4584 593 1786
4585 1483 722
4586 507 1497
4587 342 43
4588 1831 1299
4589 1252 175
4590 1428 1016
4591 1080 1366
4592 931 1024
4593 1315 258
4594 410 497
4595 165 1875
4596 1683 1428
4597 929 1026
4598 1722 1609
4599 583 1571
4600 1132 423
4601 387 1642
4602 1465 243
4603 1964 821
4604 1234 741
4605 1251 1246
4606 1830 891
4607 1218 1042
4608 1479 26
4609 1429 1492
4610 728 73
4611 751 865
4612 1157 329
4613 518 421
4614 1267 672
4615 1426 1553
4616 1576 96
4617 1333 627
4618 1024 1234
4619 1687 1113
4620 199 222
4621 1327 313
4622 1607 1341
4623 1485 976
4624 485 1962
4625 969 1249
4626 1990 1799
4627 518 945
4628 1727 1125
4629 33 1542
4630 1742 621
4631 1332 901
4632 555 1590
4633 1790 1401
4634 575 893
4635 1218 519
4636 982 745
4637 1381 412
4638 1010 1278
4639 81 1766
4640 1559 230
4641 342 1883
4642 1982 1279
4643 370 577
4644 1219 1480
4645 1448 1375
4646 255 1625
4647 211 543
4648 1153 1213
4649 881 1343
4650 943 1007
4651 1675 491
4652 1780 327
4653 959 985
4654 969 184
4655 214 420
4656 976 989
4657 1525 464
4658 670 704
4659 769 1159
4660 609 1275
4661 1157 929
4662 1021 1020
4663 188 1893
4664 1231 566
4665 627 1377
4666 229 1678
4667 841 992
4668 1906 1240
4669 1669 1738
4670 422 32
4671 1292 322
4672 1612 1610
4673 127 335
4674 1121 198
4675 1675 1943
4676 1555 1759
4677 656 650
4678 869 1115
4679 659 935
4680 414 147
4681 272 1771
4682 381 397
4683 888 611
4684 381 183
4685 206 1998
4686 1296 1039
4687 1855 1075
4688 1264 380
4689 1816 1395
4690 1748 678
4691 1029 535
4692 993 833
4693 1393 786
4694 1831 1392
4695 1773 1900
4696 1455 850
4697 902 900
4698 1098 217
4699 1120 1304
4700 290 1536
4701 1906 192
4702 1294 947
4703 1428 1343
4704 563 124
4705 1582 737
4706 1844 1854
4707 1181 875
4708 1927 1937
4709 1199 313
4710 110 1961
4711 1609 1140
4712 657 1736
4713 794 1360
4714 176 1823
4715 173 68
4716 427 1653
4717 558 392
4718 1911 297
4719 1763 1877
4720 520 122
4721 1665 1883
4722 1430 62
4723 137 1458
4724 280 91
4725 318 259
4726 1472 459
4727 525 1328
4728 219 60
4729 184 1659
4730 1766 1216
4731 1736 908
4732 740 297
4733 303 130
4734 1730 1007
4735 1062 583
4736 557 105
4737 1423 1324
4738 637 1195
4739 1342 1030
4740 1521 1207
4741 1290 464
4742 1816 349
4743 1025 1584
4744 1549 905
4745 1157 1230
4746 655 499
4747 394 198
4748 155 1955
4749 532 151
4750 214 1998
4751 982 1130
4752 1405 50
4753 1762 1195
4754 1498 112
4755 1993 556
4756 500 135
4757 1208 1306
4758 1019 681
4759 602 1445
4760 1667 1774
4761 1239 168
4762 1206 696
4763 641 994
4764 1408 1065
4765 159 147
4766 512 1584
4767 1109 1062
4768 674 784
4769 871 784
4770 38 1504
4771 259 316
4772 1773 531
4773 1960 86
4774 767 1149
4775 1755 1438
4776 669 1533
4777 1083 1331
4778 1905 70
4779 513 1196
4780 590 357
4781 1669 1638
4782 1201 744
4783 1800 242
4784 1407 599
4785 1723 476
4786 652 1259
4787 805 1327
4788 1460 379
4789 1474 168
4790 588 206
4791 1285 244
4792 1081 1006
4793 600 1410
4794 1647 1412
4795 1266 1026
4796 656 1666
4797 1657 1250
4798 1718 120
4799 1122 955
4800 1128 106
4801 1402 519
4802 512 1100
4803 1523 265
4804 300 1525
4805 1158 1120
4806 269 1789
4807 801 1220
4808 1027 574
4809 1279 820
4810 1996 1897
4811 1105 750
4812 345 1587
4813 1965 1122
4814 1550 262
4815 573 1939
4816 1846 1785
4817 1530 727
4818 1129 705
4819 1705 538
4820 1489 707
4821 1402 1046
4822 1450 1296
4823 1228 1159
4824 411 23
4825 981 379
4826 1920 226
4827 1036 232
4828 1611 925
4829 1143 910
4830 1795 911
4831 294 252
4832 926 886
4833 410 260
4834 1771 1259
4835 104 274
4836 1194 1035
4837 1106 959
4838 925 1323
4839 1972 1985
4840 1875 1597
4841 1340 407
4842 294 373
4843 1700 310
4844 786 1462
4845 1948 1573
4846 347 168
4847 271 240
4848 47 1368
4849 1790 506
4850 408 262
4851 576 1304
4852 1047 1416
4853 1734 1381
4854 1246 725
4855 722 377
4856 1633 74
4857 949 1324
4858 1827 519
4859 472 1813
4860 1997 178
4861 927 1171
4862 481 1853
4863 779 305
4864 1544 511
4865 783 803
4866 453 1777
4867 1501 50
4868 686 226
4869 1118 1256
4870 1613 1858
4871 1555 418
4872 763 1351
4873 439 287
4874 1706 1943
4875 235 650
4876 1816 360
4877 1891 539
4878 1567 623
4879 1882 911
4880 1274 1227
4881 198 450
4882 1316 1268
4883 1236 92
4884 1901 1822
4885 1694 240
4886 892 1336
4887 1895 1580
4888 895 1211
4889 1332 1043
4890 1717 1290
4891 1108 1514
4892 1429 1186
4893 1784 405
4894 904 14
4895 1873 421
4896 1312 362
4897 414 528
4898 1365 1185
4899 1504 741
4900 1406 1132
4901 1687 634
4902 388 1693
4903 1217 810
4904 1363 1372
4905 1143 982
4906 1859 136
4907 380 1679
4908 1499 1493
4909 485 1535
4910 1388 1095
4911 232 1355
4912 927 944
4913 1048 1045
4914 1530 724
4915 607 972
4916 1833 1634
4917 1412 1452
4918 1737 1459
4919 303 283
4920 418 405
4921 1290 710
4922 409 1840
4923 1679 1224
4924 1394 811
4925 654 1444
4926 1290 1024
4927 1105 591
4928 218 86
4929 332 38
4930 4 618
4931 605 307
4932 1577 517
4933 1086 571
4934 447 1203
4935 279 1410
4936 1227 698
4937 528 336
4938 1953 1261
4939 1903 1697
4940 1682 1738
4941 663 1829
4942 1317 588
4943 1873 363
4944 719 1556
4945 732 132
4946 667 1411
4947 596 1928
4948 1789 1551
4949 1669 909
4950 1364 447
4951 1451 583
4952 1985 255
4953 349 1638
4954 341 222
4955 975 423
4956 561 1539
4957 926 825
4958 122 1846
4959 1701 627
4960 210 392
4961 1327 1666
4962 1433 661
4963 58 55
4964 881 1165
4965 808 824
4966 1103 988
4967 743 1167
4968 1562 845
4969 1336 635
4970 974 571
4971 1369 1326
4972 575 1793
4973 1542 1377
4974 423 203
4975 1418 1222
4976 785 1380
4977 112 1896
4978 569 1853
4979 1631 1769
4980 1330 1324
4981 1010 781
4982 818 364
4983 1474 1234
4984 1282 464
4985 1051 210
4986 509 1818
4987 339 537
4988 1691 1395
4989 1619 107
4990 309 1686
4991 1250 292
4992 1815 683
4993 882 1281
4994 717 942
4995 360 140
4996 1587 341
4997 502 1857
4998 1509 711
4999 166 284
5000 315 392
5001 1557 1623
5002 813 661
5003 1542 17
5004 258 1542
5005 209 1583
5006 1355 175
5007 1175 803
5008 797 124
5009 1418 1102
5010 467 1734
5011 372 58
5012 1154 801
5013 1399 1447
5014 1665 138
5015 1449 1888
5016 1100 1392
5017 516 1685
5018 1139 283
5019 569 1533
5020 1203 476
5021 554 52
5022 1821 1845
5023 555 1705
5024 1756 1116
5025 1477 118
5026 1815 172
5027 1565 107
5028 711 1024
5029 1637 1956
5030 1853 176
5031 710 1967
5032 877 960
5033 1973 456
5034 1868 413
5035 905 885
5036 462 1014
5037 1385 1549
5038 1732 1338
5039 597 1182
5040 293 1754
5041 1843 114
5042 791 1152
5043 641 1729
5044 277 1837
5045 489 348
5046 1389 363
5047 1130 1233
5048 1573 790
5049 1283 147
5050 1918 1632
5051 592 221
5052 454 287
5053 241 1525
5054 837 1113
5055 411 464
5056 978 1276
5057 233 1750
5058 1907 1000
5059 1234 927
5060 86 1365
5061 1785 1794
5062 1346 980
5063 529 1153
5064 174 1470
5065 1752 1471
5066 1017 273
5067 505 1397
5068 936 1464
5069 1647 439
5070 330 175
5071 610 189
5072 578 1286
5073 931 1196
5074 205 422
5075 214 39
5076 1128 892
5077 1282 1097
5078 1385 15
5079 506 1167
5080 1327 1506
5081 1934 1374
5082 410 51
5083 484 1587
5084 1151 721
5085 1911 1435
5086 196 1385
5087 475 1064
5088 421 1167
5089 620 676
5090 380 374
5091 1842 1791
5092 674 1401
5093 1201 703
5094 1564 890
5095 720 264
5096 1597 438
5097 1714 366
5098 1438 519
5099 1412 1168
5100 1379 1310
5101 837 668
5102 1298 738
5103 113 403
5104 862 1114
5105 377 1808
5106 350 1774
5107 357 1580
5108 354 1058
5109 154 224
5110 1794 1951
5111 827 833
5112 158 1792
5113 1980 287
5114 1767 1722
5115 431 1806
5116 170 450
5117 281 94
5118 1223 504
5119 1429 749
5120 1738 965
5121 1044 333
5122 640 152
5123 1391 1016
5124 1986 1951
5125 1187 1255
5126 1725 1196
5127 1066 934
5128 756 1486
5129 1166 1166
5130 1258 971
5131 1137 472
5132 273 388
5133 1160 593
5134 1424 1510
5135 250 1899
5136 1197 1194
5137 1860 1885
5138 840 155
5139 1214 917
5140 1011 925
5141 778 479
5142 463 4
5143 1902 814
5144 105 459
5145 1354 731
5146 838 312
5147 447 381
5148 194 213
5149 1653 980
5150 786 1037
5151 896 177
5152 288 1882
5153 316 292
5154 1697 1576
5155 1761 1278
5156 1534 376
5157 1589 1724
5158 883 775
5159 1962 1485
5160 1765 1729
5161 553 1903
5162 1967 1872
5163 1569 1883
5164 1259 628
5165 1346 1390
5166 987 588
5167 490 1869
5168 1378 1002
5169 1567 369
5170 682 658
5171 1756 1388
5172 1163 987
5173 1530 1369
5174 1406 855
5175 848 1270
5176 1777 1357
5177 1691 1662
5178 855 1415
5179 1294 606
5180 1277 673
5181 530 341
5182 298 388
5183 1169 832
5184 1453 831
5185 554 550
5186 1133 749
5187 1139 322
5188 361 1799
5189 918 982
5190 1829 1228
5191 679 1287
5192 942 1127
5193 672 869
5194 1547 854
5195 414 296
5196 121 1862
5197 1326 519
5198 440 1054
5199 560 209
5200 993 1099
5201 1029 1159
5202 100 383
5203 449 1868
5204 448 252
5205 1711 1675
5206 688 720
5207 1331 678
5208 1773 166
5209 1557 1711
5210 1249 1074
5211 1310 645
5212 260 788
5213 931 792
5214 1472 531
5215 980 1120
5216 223 349
5217 95 330
5218 169 18
5219 589 1906
5220 759 1012
5221 1358 1123
5222 1874 1160
5223 1842 1061
5224 1842 384
5225 1809 587
5226 622 1212
5227 878 1285
5228 1257 507
5229 336 192
5230 1275 364
5231 1184 1594
5232 1703 582
5233 423 224
5234 344 270
5235 1122 887
5236 112 1587
5237 1138 399
5238 1428 1400
5239 1462 1191
5240 936 714
5241 70 1610
5242 572 1819
5243 171 1825
5244 1034 1002
5245 124 581
5246 625 260
5247 1745 1244
5248 663 792
5249 1519 452
5250 284 113
5251 1942 935
5252 1547 546
5253 1317 569
5254 1379 1389
5255 969 114
5256 313 1577
5257 1378 861
5258 1471 1104
5259 1436 620
5260 1561 1282
5261 937 1107
5262 1721 1117
5263 1406 757
5264 1322 263
5265 674 95
5266 703 255
5267 1405 458
5268 1226 1065
5269 866 515
5270 517 14
5271 1363 358
5272 880 50
5273 191 196
5274 1337 1208
5275 1747 355
5276 1262 651
5277 1964 181
5278 952 1035
5279 598 615
5280 1109 389
5281 1668 556
5282 344 1813
5283 333 1435
5284 1850 1368
5285 1673 150
5286 1287 544
5287 507 1476
5288 1756 87
5289 442 215
5290 1048 1120
5291 1693 719
5292 1941 426
5293 1256 1393
5294 1738 432
5295 617 1781
5296 69 406
5297 420 1340
5298 1308 710
5299 1392 1409
5300 930 710
5301 1080 1095
5302 748 1136
5303 1019 1053
5304 110 1968
5305 1236 879
5306 328 220
5307 259 1963
5308 807 1223
5309 1478 367
5310 666 471
5311 1704 871
5312 770 781
5313 520 479
5314 1059 655
5315 783 388
5316 1707 461
5317 1482 1254
5318 1609 383
5319 1396 1228
5320 415 919
5321 874 733
5322 133 1529
5323 127 1634
5324 1835 623
5325 371 1363
5326 1954 505
5327 1321 251
5328 1511 891
5329 260 1659
5330 1745 1745
5331 1091 569
5332 1730 62
5333 659 194
5334 1040 977
5335 1891 1469
5336 761 1211
5337 875 595
5338 1299 674
5339 1445 609
5340 1815 391
5341 940 432
5342 1821 1454
5343 1293 784
5344 915 995
5345 594 1288
5346 1302 505
5347 387 1584
5348 564 309
5349 720 402
5350 1555 150
5351 653 104
5352 1717 1263
5353 1725 1359
5354 1434 461
5355 787 904
5356 1646 504
5357 1515 851
5358 115 1813
5359 663 496
5360 1810 1992
5361 1747 1002
5362 1168 1531
5363 1691 1608
5364 1167 912
5365 521 1385
5366 1733 793
5367 6 88
5368 850 1016
5369 659 1066
5370 1506 16
5371 718 1177
5372 1983 1763
5373 288 122
5374 256 511
5375 1233 1244
5376 867 1109
5377 1485 477
5378 736 370
5379 281 1760
5380 1410 1485
5381 879 946
5382 281 1978
5383 705 451
5384 1643 498
5385 1037 169
5386 1571 794
5387 134 1910
5388 1827 486
5389 327 76
5390 270 1404
5391 138 1879
5392 1789 1419
5393 1870 1380
5394 423 404
5395 1013 948
5396 908 1619
5397 1788 1697
5398 962 344
5399 116 1663
5400 147 238
5401 1838 1581
5402 528 1457
5403 1810 585
5404 1537 1718
5405 1734 678
5406 1204 832
5407 1165 1119
5408 1754 1307
5409 209 1911
5410 156 93
5411 1636 320
5412 345 1691
5413 491 1968
5414 824 875
5415 984 1269
5416 1909 147
5417 837 1194
5418 401 100
5419 454 1434
5420 415 1838
5421 1367 1300
5422 387 87
5423 929 942
5424 1242 1211
5425 832 604
5426 1783 1523
5427 1448 1105
5428 354 1856
5429 953 824
5430 1100 978
5431 766 1544
5432 455 218
5433 406 58
5434 1048 909
5435 1296 342
5436 293 532
5437 138 1961
5438 1067 879
5439 260 147
5440 654 267
5441 1981 221
5442 1574 206
5443 231 1945
5444 363 1859
5445 1799 1568
5446 881 1303
5447 271 491
5448 834 1117
5449 773 1413
5450 1537 607
5451 537 260
5452 1828 1758
5453 1371 256
5454 677 76
5455 1708 1417
5456 1161 1045
5457 301 179
5458 1729 1533
5459 1371 349
5460 1480 47
5461 825 553
5462 1324 1224
5463 239 1657
5464 1658 1798
5465 200 278
5466 1585 728
5467 1132 761
5468 253 1267
5469 1841 361
5470 830 751
5471 1524 1501
5472 709 98
5473 1967 1037
5474 800 253
5475 450 0
5476 413 1865
5477 119 1841
5478 1948 1273
5479 1797 1458
5480 1492 1177
5481 803 253
5482 1055 373
5483 1126 825
5484 1835 1557
5485 1782 1122
5486 825 71
5487 392 1650
5488 270 1648
5489 668 283
5490 940 1088
5491 1006 1054
5492 344 82
5493 609 1606
5494 1626 378
5495 1159 1278
5496 1146 897
5497 875 895
5498 719 1083
5499 512 1837
5500 1269 1383
5501 1439 917
5502 1301 764
5503 802 1193
5504 498 29
5505 952 398
5506 304 1703
5507 1614 1402
5508 1849 1441
5509 1015 1011
5510 1079 0
5511 639 380
5512 583 44
5513 1682 1607
5514 979 1428
5515 1729 1420
5516 1434 380
5517 1155 1353
5518 1458 1029
5519 1273 359
5520 1555 346
5521 545 131
5522 1414 735
5523 1915 1644
5524 1568 720
5525 1130 951
5526 1481 1621
5527 460 1825
5528 1910 1044
5529 802 1499
5530 254 131
5531 1312 166
5532 1112 543
5533 155 1571
5534 1440 194
5535 356 1680
5536 512 333
5537 1397 1216
5538 1255 398
5539 1724 702
5540 512 1512
5541 1707 618
5542 1560 743
5543 368 164
5544 1501 1264
5545 1270 815
5546 1610 604
5547 282 32
5548 745 61
5549 1667 1714
5550 1923 1755
5551 1768 745
5552 1389 1333
5553 1916 1993
5554 1453 644
5555 46 1980
5556 695 996
5557 723 1414
5558 647 1052
5559 680 906
5560 1787 266
5561 1228 1088
5562 608 1457
5563 1125 847
5564 605 1697
5565 461 1768
5566 1575 961
5567 501 58
5568 353 1707
5569 592 1048
5570 806 338
5571 436 53
5572 1196 789
5573 602 232
5574 1177 841
5575 1016 676
5576 1176 681
5577 405 1348
5578 603 1886
5579 541 1766
5580 702 755
5581 1441 1127
5582 1503 908
5583 534 1363
5584 256 1786
5585 668 59
5586 1674 688
5587 316 1842
5588 1741 1688
5589 163 448
5590 1542 1620
5591 74 1864
5592 667 1790
5593 879 900
5594 581 1214
5595 1024 655
5596 828 333
5597 482 1337
5598 1854 471
5599 557 238
5600 1801 1801
5601 1111 953
5602 577 1699
5603 1751 1437
5604 1868 745
5605 688 1269
5606 682 354
5607 599 1398
5608 305 1887
5609 265 235
5610 173 1993
5611 321 183
5612 566 29
5613 1610 1862
5614 1203 1085
5615 1732 286
5616 866 939
5617 1557 639
5618 1482 1024
5619 327 53
5620 1210 588
5621 835 1175
5622 1136 644
5623 945 1053
5624 210 49
5625 1687 768
5626 1784 1086
5627 337 1951
5628 1295 704
5629 1674 593
5630 930 636
5631 1043 643
5632 1584 334
5633 775 1340
5634 1202 1322
5635 1359 951
5636 1869 1844
5637 906 476
5638 655 397
5639 1005 1189
5640 1599 455
5641 179 8
5642 557 1779
5643 1600 1309
5644 395 696
5645 619 338
5646 1923 1343
5647 1022 327
5648 497 1437
5649 1048 1594
5650 73 453
5651 1824 1657
5652 1496 743
5653 802 86
5654 1696 623
5655 791 1321
5656 884 1369
5657 1639 296
5658 124 1821
5659 1953 1561
5660 648 1420
5661 1824 1131
5662 361 58
5663 286 133
5664 345 1957
5665 839 697
5666 1447 1710
5667 710 946
5668 616 235
5669 960 1010
5670 1837 1635
5671 1248 1305
5672 1087 808
5673 1058 1049
5674 1964 526
5675 910 1356
5676 1255 727
5677 1472 820
5678 1065 791
5679 960 993
5680 176 362
5681 895 1023
5682 381 1870
5683 1052 1163
5684 947 1672
5685 1640 1779
5686 1592 943
5687 1083 994
5688 1226 606
5689 1607 523
5690 1223 575
5691 1606 747
5692 1023 914
5693 591 108
5694 265 1177
5695 1025 906
5696 1490 399
5697 1714 1346
5698 1274 1146
5699 1438 502
5700 1739 333
5701 360 112
5702 1574 657
5703 380 50
5704 309 1117
5705 1821 1905
5706 1517 1262
5707 1187 946
5708 149 1948
5709 267 1927
5710 1396 1029
5711 1645 1510
5712 494 1182
5713 1311 1659
5714 1524 782
5715 1981 494
5716 1770 753
5717 1095 1044
5718 1433 598
5719 1825 1269
5720 1730 1467
5721 1965 1708
5722 1258 991
5723 1699 1427
5724 481 1333
5725 1478 628
5726 206 364
5727 1865 838
5728 1532 280
5729 1684 1186
5730 1642 889
5731 453 383
5732 185 1683
5733 782 923
5734 1737 1561
5735 1986 911
5736 648 796
5737 887 215
5738 1687 390
5739 139 1926
5740 802 1687
5741 1729 285
5742 67 1502
5743 1098 697
5744 749 449
5745 636 370
5746 1448 1098
5747 303 1524
5748 990 768
5749 380 222
5750 941 958
5751 1161 471
5752 203 606
5753 1073 376
5754 524 122
5755 1916 267
5756 1939 324
5757 802 1337
5758 1441 893
5759 1915 199
5760 1947 374
5761 68 1784
5762 1685 67
5763 248 64
5764 1741 1599
5765 956 833
5766 1242 1134
5767 248 241
5768 1585 261
5769 1707 1671
5770 1677 326
5771 344 1889
5772 301 1119
5773 1009 1243
5774 1303 503
5775 1174 1290
5776 842 175
5777 276 1994
5778 413 668
5779 627 1756
5780 667 821
5781 188 1924
5782 1319 312
5783 1399 1210
5784 13 469
5785 817 1297
5786 878 1439
5787 587 1561
5788 268 105
5789 444 1950
5790 919 709
5791 1820 1370
5792 1156 1188
5793 1301 604
5794 823 1720
5795 1532 640
5796 93 1559
5797 524 1843
5798 1338 151
5799 1355 897
5800 1195 648
5801 1869 162
5802 1766 300
5803 1456 587
5804 659 1651
5805 1543 266
5806 1495 1128
5807 1088 1127
5808 1760 1325
5809 1370 287
5810 1249 627
5811 1804 1561
5812 41 1716
5813 1943 1436
5814 569 992
5815 67 281
5816 1812 1621
5817 762 1075
5818 352 1776
5819 1953 496
5820 1273 797
5821 1807 1295
5822 731 672
5823 1887 1789
5824 1393 898
5825 1545 1999
5826 1094 1225
5827 235 207
5828 106 1870
5829 58 1872
5830 1696 817
5831 1716 476
5832 41 1723
5833 1677 200
5834 711 1538
5835 1577 574
5836 297 1766
5837 1591 1414
5838 491 1559
5839 1003 683
5840 209 1881
5841 697 1389
5842 343 1894
5843 603 105
5844 1091 1252
5845 473 1715
5846 822 1329
5847 27 181
5848 220 339
5849 1728 264
5850 1568 993
5851 539 170
5852 830 1417
5853 1807 293
5854 1947 226
5855 206 1895
5856 1836 860
5857 443 281
5858 1043 1253
5859 1361 1005
5860 1143 473
5861 889 1416
5862 1359 1444
5863 711 933
5864 1295 43
5865 578 1237
5866 1658 638
5867 1243 978
5868 1699 431
5869 1575 513
5870 1426 231
5871 1601 393
5872 790 56
5873 1560 20
5874 505 1491
5875 430 449
5876 1524 1464
5877 1483 1209
5878 325 1627
5879 1552 489
5880 1830 1702
5881 1591 1845
5882 911 1057
5883 1745 1741
5884 536 1994
5885 901 1440
5886 1707 928
5887 926 1538
5888 911 282
5889 298 57
5890 334 1866
5891 1897 1615
5892 1386 1150
5893 1497 215
5894 463 126
5895 1809 1509
5896 1495 502
5897 806 515
5898 711 1104
5899 1103 904
5900 636 295
5901 1865 1785
5902 872 849
5903 1467 1141
5904 1942 401
5905 435 1355
5906 696 1410
5907 1490 1719
5908 1930 1527
5909 790 1233
5910 521 148
5911 1481 1535
5912 1155 1194
5913 973 1264
5914 1277 1011
5915 694 1383
5916 1368 616
5917 1490 468
5918 1163 867
5919 1940 68
5920 1899 383
5921 969 1537
5922 196 1979
5923 1023 316
5924 1482 270
5925 451 29
5926 862 507
5927 354 1170
5928 1257 998
5929 1202 634
5930 1409 1206
5931 453 1239
5932 882 821
5933 645 164
5934 954 1255
5935 1757 1712
5936 1205 978
5937 734 1109
5938 1171 947
5939 1798 450
5940 471 157
5941 932 686
5942 1832 1719
5943 1590 1533
5944 143 48
5945 1388 1537
5946 480 1571
5947 1674 707
5948 1193 711
5949 880 704
5950 1690 1104
5951 1321 1174
5952 1711 535
5953 152 138
5954 373 513
5955 1499 499
5956 1423 990
5957 1697 521
5958 1132 514
5959 1130 79
5960 713 812
5961 549 243
5962 995 1039
5963 1964 732
5964 819 598
5965 321 1925
5966 1186 1226
5967 917 543
5968 1391 547
5969 537 1566
5970 1218 924
5971 1443 488
5972 1176 858
5973 245 48
5974 625 1703
5975 610 36
5976 682 1160
5977 327 1153
5978 1683 1429
5979 1920 1403
5980 1974 666
5981 1374 1252
5982 380 1590
5983 912 296
5984 971 40
5985 1886 364
5986 1948 391
5987 1974 1639
5988 601 1414
5989 1744 1595
5990 1144 820
5991 877 504
5992 785 571
5993 419 1650
5994 418 112
5995 1066 1140
5996 446 107
5997 1184 647
5998 961 770
5999 967 1359
6000 1869 380
6001 1196 624
6002 1688 1023
6003 1856 1525
6004 346 385
6005 1617 234
6006 922 681
6007 527 248
6008 1479 1825
6009 811 1025
6010 1170 756
6011 1823 715
6012 699 164
6013 978 862
6014 1240 1317
6015 117 138
6016 194 1784
6017 1681 1338
6018 1101 945
6019 1313 1322
6020 1562 1625
6021 1649 343
6022 458 431
6023 1342 763
6024 363 1837
6025 953 789
6026 1527 491
6027 550 304
6028 1721 1489
6029 1261 732
6030 319 475
6031 1433 564
6032 1119 756
6033 213 109
6034 739 590
6035 1495 448
6036 1702 1072
6037 1580 960
6038 568 167
6039 1707 1466
6040 1543 1569
6041 1394 637
6042 108 1504
6043 1418 782
6044 574 1386
6045 678 469
6046 1840 541
6047 1790 1450
6048 1163 1168
6049 1306 1218
6050 976 856
6051 1198 1164
6052 992 1125
6053 67 419
6054 632 5
6055 1633 1362
6056 1077 712
6057 1845 922
6058 410 1474
6059 279 1765
6060 1159 953
6061 1893 397
6062 1075 957
6063 1481 438
6064 163 415
6065 640 256
6066 1141 1002
6067 1630 791
6068 207 417
6069 1845 1421
6070 248 1968
6071 940 1076
6072 468 1604
6073 867 86
6074 1466 790
6075 1092 106
6076 1254 1240
6077 1291 348
6078 408 548
6079 1153 1024
6080 319 312
6081 1020 1444
6082 1003 1057
6083 1054 1055
6084 317 1875
6085 1581 1517
6086 1074 374
6087 383 836
6088 1678 321
6089 783 801
6090 1287 1115
6091 1687 1134
6092 1868 1208
6093 640 253
6094 1479 395
6095 1330 519
6096 750 161
6097 129 1406
6098 934 1477
6099 344 236
6100 1322 472
6101 1778 377
6102 595 1703
6103 267 1619
6104 1685 55
6105 243 1084
6106 1546 676
6107 1452 519
6108 1308 1296
6109 349 1164
6110 1855 245
6111 1730 1293
6112 512 1894
6113 365 1979
6114 1121 498
6115 1602 1985
6116 1463 152
6117 341 251
6118 651 1560
6119 1338 1104
6120 412 470
6121 483 420
6122 331 1208
6123 1635 108
6124 766 1536
6125 680 335
6126 287 1730
6127 1873 1826
6128 1191 843
6129 1632 581
6130 1185 1602
6131 1962 137
6132 1412 1519
6133 1322 490
6134 1712 1287
6135 1661 198
6136 1810 637
6137 501 783
6138 1573 571
6139 1818 645
6140 623 1840
6141 1728 139
6142 1516 1501
6143 585 1971
6144 705 1455
6145 1564 963
6146 1440 406
6147 866 1219
6148 1632 59
6149 1166 1279
6150 1773 638
6151 327 1587
6152 1088 1095
6153 4 1812
6154 1286 1148
6155 641 186
6156 1110 899
6157 441 5
6158 562 1151
6159 1268 1002
6160 1926 649
6161 1588 1107
6162 1026 599
6163 1412 235
6164 344 61
6165 417 1711
6166 251 1783
6167 1401 1452
6168 1792 1500
6169 1158 666
6170 1314 1149
6171 1444 1235
6172 1698 462
6173 1881 1434
6174 596 447
6175 1612 290
6176 1094 609
6177 533 1294
6178 1289 1712
6179 1419 969
6180 1799 1319
6181 976 1000
6182 1558 1583
6183 1741 381
6184 1907 627
6185 1749 143
6186 1259 1405
6187 317 1897
6188 1373 233
6189 606 259
6190 1366 1087
6191 677 772
6192 633 1984
6193 1644 176
6194 1896 503
6195 1524 703
6196 1376 573
6197 568 666
6198 1603 725
6199 1256 914
6200 1596 694
6201 1017 474
6202 194 39
6203 178 91
6204 1339 864
6205 673 977
6206 708 73
6207 895 974
6208 293 1531
6209 768 1100
6210 1456 1354
6211 768 475
6212 74 1541
6213 1454 236
6214 35 311
6215 1613 973
6216 8 32
6217 1568 1534
6218 1218 1259
6219 619 20
6220 1052 280
6221 1593 1760
6222 377 116
6223 864 1311
6224 1533 1183
6225 1191 672
6226 1063 1309
6227 520 865
6228 1267 1304
6229 1684 1764
6230 1728 44
6231 932 1372
6232 1654 1978
6233 869 586
6234 367 262
6235 535 1875
6236 1075 1027
6237 1645 228
6238 1082 895
6239 552 17
6240 1977 1766
6241 505 1724
6242 359 1824
6243 287 240
6244 569 807
6245 1167 1268
6246 1343 1651
6247 1585 1051
6248 690 29
6249 1855 762
6250 1441 311
6251 1324 161
6252 1680 312
6253 795 1386
6254 377 196
6255 1523 220
6256 1517 131
