1014
0 9 21
1 122 191
2 224 78
3 262 328
4 13 247
5 314 63
6 87 325
7 44 371
8 34 51
9 245 361
10 86 148
11 268 309
12 217 218
13 49 390
14 105 285
15 212 258
16 53 54
17 24 254
18 242 347
19 203 85
20 67 392
21 243 225
22 46 78
23 211 178
24 145 358
25 181 184
26 123 133
27 304 351
28 355 288
29 247 209
30 220 104
31 137 280
32 209 167
33 241 252
34 192 169
35 131 139
36 366 247
37 316 187
38 9 317
39 45 213
40 7 82
41 105 18
42 72 336
43 326 325
44 82 139
45 267 219
46 203 18
47 74 21
48 76 114
49 180 346
50 16 47
51 68 194
52 225 136
53 9 252
54 260 149
55 394 168
56 31 355
57 73 237
58 219 343
59 105 88
60 83 214
61 242 132
62 325 93
63 231 72
64 139 355
65 350 271
66 340 103
67 288 374
68 207 160
69 162 335
70 351 107
71 261 81
72 152 105
73 294 70
74 372 116
75 355 171
76 150 68
77 177 17
78 153 347
79 97 44
80 87 396
81 337 378
82 334 132
83 385 352
84 286 127
85 356 364
86 44 27
87 229 89
88 357 194
89 352 382
90 181 154
91 59 135
92 329 332
93 203 68
94 393 107
95 390 356
96 358 227
97 267 182
98 315 265
99 152 142
100 204 387
101 273 64
102 289 75
103 177 296
104 296 10
105 244 317
106 117 86
107 132 212
108 250 116
109 205 53
110 87 265
111 100 2
112 282 274
113 92 209
114 122 218
115 321 182
116 324 207
117 42 88
118 203 389
119 297 237
120 58 96
121 240 208
122 236 256
123 135 328
124 21 274
125 146 149
126 62 57
127 134 255
128 364 166
129 18 324
130 397 165
131 32 10
132 292 347
133 218 45
134 291 31
135 202 155
136 364 296
137 86 181
138 226 360
139 241 396
140 237 52
141 188 196
142 39 372
143 377 210
144 174 71
145 333 146
146 79 380
147 312 1
148 104 362
149 153 150
150 188 246
151 275 52
152 344 41
153 174 102
154 395 337
155 176 283
156 218 189
157 136 283
158 393 27
159 146 196
160 123 277
161 107 179
162 393 327
163 187 366
164 126 351
165 394 309
166 252 380
167 228 276
168 216 223
169 290 254
170 181 300
171 289 390
172 322 373
173 6 236
174 65 239
175 234 271
176 255 136
177 163 152
178 72 182
179 282 119
180 123 295
181 196 295
182 199 345
183 34 378
184 204 24
185 54 165
186 160 138
187 378 385
188 124 29
189 369 158
190 209 181
191 247 134
192 68 286
193 97 372
194 42 334
195 69 116
196 30 256
197 166 146
198 359 230
199 241 206
200 72 72
201 198 295
202 38 237
203 70 17
204 280 151
205 171 398
206 261 176
207 112 289
208 103 397
209 375 349
210 259 376
211 53 52
212 45 325
213 139 287
214 199 379
215 30 338
216 24 122
217 186 178
218 346 205
219 254 368
220 344 131
221 307 273
222 285 260
223 41 22
224 395 128
225 249 321
226 66 338
227 364 109
228 228 103
229 159 266
230 285 101
231 62 30
232 342 287
233 335 215
234 365 354
235 22 326
236 316 391
237 80 197
238 134 38
239 48 368
240 226 344
241 91 129
242 239 362
243 113 70
244 82 276
245 323 331
246 269 349
247 235 169
248 276 39
249 24 1
250 271 213
251 331 51
252 94 284
253 120 20
254 54 57
255 126 234
256 42 228
257 393 50
258 314 99
259 99 268
260 270 14
261 362 234
262 253 4
263 80 47
264 324 201
265 339 258
266 280 105
267 70 369
268 345 7
269 202 215
270 385 208
271 294 339
272 305 398
273 72 292
274 63 377
275 2 323
276 233 55
277 338 352
278 12 128
279 229 161
280 203 154
281 33 48
282 360 240
283 112 10
284 357 256
285 225 390
286 153 351
287 299 317
288 316 229
289 29 284
290 112 133
291 67 163
292 45 100
293 260 71
294 296 48
295 31 96
296 20 321
297 275 380
298 42 150
299 292 367
300 62 326
301 260 39
302 97 395
303 342 23
304 132 132
305 154 229
306 118 2
307 361 204
308 152 205
309 306 0
310 151 156
311 327 106
312 92 112
313 18 179
314 196 225
315 128 161
316 51 62
317 274 120
318 399 73
319 294 181
320 239 266
321 234 215
322 21 146
323 239 39
324 150 168
325 183 132
326 242 122
327 242 205
328 335 244
329 304 230
330 246 273
331 279 2
332 169 251
333 165 93
334 3 194
335 175 81
336 204 293
337 108 156
338 117 131
339 149 250
340 88 80
341 348 144
342 199 47
343 123 275
344 275 373
345 156 109
346 379 2
347 12 107
348 73 132
349 39 166
350 393 99
351 261 58
352 94 357
353 136 286
354 346 389
355 75 270
356 172 371
357 253 22
358 258 266
359 219 35
360 112 368
361 279 203
362 332 29
363 217 40
364 24 396
365 388 59
366 117 121
367 256 357
368 7 233
369 256 126
370 355 31
371 258 111
372 191 201
373 243 272
374 70 316
375 141 20
376 27 73
377 135 205
378 111 88
379 264 254
380 86 15
381 387 331
382 81 366
383 38 147
384 127 172
385 391 250
386 293 70
387 224 343
388 293 10
389 301 378
390 215 181
391 41 278
392 116 15
393 328 138
394 356 368
395 298 337
396 220 342
397 26 346
398 209 93
399 188 27
400 180 98
401 53 246
402 12 204
403 39 53
404 205 45
405 90 333
406 54 18
407 166 222
408 244 171
409 73 34
410 130 11
411 52 55
412 322 387
413 387 142
414 377 269
415 229 354
416 337 10
417 383 159
418 194 330
419 93 321
420 259 249
421 317 284
422 210 67
423 11 235
424 351 240
425 145 239
426 336 190
427 10 30
428 243 184
429 231 8
430 389 269
431 378 220
432 219 315
433 132 302
434 17 231
435 211 173
436 145 4
437 263 82
438 296 67
439 326 319
440 238 226
441 33 1
442 338 154
443 33 187
444 210 265
445 234 157
446 72 205
447 168 92
448 82 396
449 232 294
450 104 351
451 80 332
452 41 383
453 375 27
454 280 259
455 320 140
456 369 302
457 15 399
458 130 106
459 227 330
460 198 225
461 260 150
462 51 149
463 167 147
464 118 119
465 60 145
466 360 28
467 225 9
468 325 52
469 176 80
470 365 143
471 168 17
472 334 215
473 133 338
474 0 203
475 238 168
476 44 193
477 211 350
478 232 200
479 150 265
480 71 346
481 386 61
482 134 183
483 47 173
484 335 53
485 279 310
486 215 154
487 26 34
488 52 223
489 25 397
490 207 391
491 339 15
492 348 246
493 397 269
494 122 246
495 117 172
496 310 360
497 253 122
498 340 360
499 108 283
500 94 86
501 277 158
502 348 146
503 199 65
504 319 238
505 262 61
506 94 264
507 262 212
508 77 185
509 85 349
510 174 266
511 298 240
512 146 388
513 211 360
514 187 148
515 24 135
516 61 14
517 142 281
518 11 50
519 269 172
520 92 282
521 195 147
522 21 66
523 173 190
524 93 233
525 296 115
526 127 108
527 287 372
528 281 298
529 139 28
530 2 256
531 102 190
532 209 222
533 244 259
534 260 69
535 328 79
536 78 30
537 151 218
538 328 343
539 166 204
540 62 198
541 302 331
542 224 317
543 245 101
544 266 52
545 117 300
546 230 44
547 275 38
548 181 313
549 119 222
550 204 23
551 151 342
552 251 232
553 46 16
554 63 290
555 8 250
556 238 124
557 68 144
558 247 214
559 30 366
560 36 174
561 219 83
562 206 109
563 130 304
564 138 0
565 197 313
566 127 237
567 237 8
568 33 179
569 219 110
570 75 44
571 392 357
572 132 177
573 363 336
574 190 396
575 266 183
576 71 335
577 92 104
578 21 241
579 37 325
580 196 240
581 1 305
582 47 393
583 298 87
584 159 46
585 6 69
586 15 129
587 135 356
588 332 240
589 163 60
590 61 65
591 119 357
592 69 264
593 67 11
594 29 273
595 338 172
596 201 321
597 176 378
598 286 148
599 146 247
600 48 354
601 256 350
602 226 308
603 101 67
604 245 65
605 237 344
606 320 232
607 300 174
608 203 385
609 240 127
610 5 260
611 214 360
612 296 89
613 83 199
614 181 353
615 321 223
616 305 365
617 360 168
618 13 246
619 373 362
620 266 300
621 215 124
622 89 341
623 134 33
624 202 99
625 113 43
626 347 311
627 338 109
628 140 320
629 333 178
630 338 378
631 272 40
632 188 224
633 146 382
634 33 260
635 218 52
636 241 73
637 177 330
638 231 162
639 6 36
640 232 183
641 252 83
642 356 362
643 266 34
644 395 89
645 212 138
646 141 164
647 158 287
648 235 254
649 279 57
650 397 30
651 337 270
652 118 59
653 43 357
654 77 138
655 330 37
656 330 119
657 106 285
658 2 274
659 74 120
660 31 291
661 89 252
662 168 124
663 351 335
664 181 341
665 29 176
666 175 275
667 107 0
668 349 146
669 209 2
670 165 147
671 362 124
672 271 316
673 282 27
674 371 22
675 282 269
676 48 267
677 36 172
678 231 214
679 306 357
680 129 349
681 322 183
682 286 130
683 320 103
684 140 101
685 216 365
686 21 201
687 281 186
688 87 319
689 257 161
690 336 359
691 102 384
692 228 122
693 244 184
694 202 369
695 110 116
696 66 371
697 370 133
698 237 165
699 308 201
700 45 46
701 99 78
702 320 120
703 369 36
704 397 370
705 232 180
706 111 204
707 309 287
708 377 90
709 321 334
710 144 336
711 140 243
712 30 329
713 241 283
714 333 366
715 137 384
716 378 375
717 77 77
718 352 316
719 150 273
720 120 78
721 147 296
722 363 126
723 121 6
724 281 115
725 397 348
726 153 96
727 202 341
728 230 300
729 295 382
730 205 293
731 150 288
732 335 357
733 117 46
734 185 175
735 12 299
736 378 103
737 80 36
738 297 322
739 204 87
740 130 171
741 23 299
742 187 144
743 248 113
744 5 314
745 51 260
746 34 81
747 219 30
748 224 65
749 68 189
750 163 27
751 109 121
752 297 62
753 1 172
754 251 60
755 206 360
756 78 172
757 260 235
758 32 223
759 363 8
760 39 319
761 387 127
762 269 104
763 68 316
764 373 302
765 315 334
766 55 290
767 359 309
768 217 293
769 383 38
770 106 250
771 149 399
772 212 99
773 71 352
774 342 177
775 108 154
776 382 386
777 361 380
778 305 382
779 336 217
780 43 84
781 381 31
782 300 219
783 122 226
784 334 244
785 80 105
786 374 355
787 5 54
788 58 200
789 11 250
790 399 96
791 148 291
792 344 144
793 138 125
794 176 5
795 189 108
796 11 112
797 42 335
798 354 125
799 225 350
800 83 241
801 104 233
802 279 163
803 42 162
804 55 275
805 317 142
806 153 50
807 129 186
808 280 240
809 260 263
810 394 220
811 207 196
812 322 227
813 102 267
814 53 251
815 129 366
816 197 161
817 196 397
818 156 62
819 69 194
820 312 167
821 343 286
822 253 184
823 54 103
824 11 185
825 79 311
826 207 319
827 192 230
828 389 73
829 394 246
830 195 359
831 253 214
832 27 264
833 348 151
834 272 49
835 362 381
836 276 101
837 364 324
838 296 223
839 185 190
840 123 160
841 160 153
842 274 288
843 327 143
844 378 280
845 299 249
846 384 262
847 395 9
848 385 48
849 126 112
850 387 112
851 67 4
852 350 337
853 229 309
854 4 354
855 15 43
856 8 313
857 115 334
858 380 209
859 76 157
860 160 213
861 356 324
862 387 74
863 362 20
864 339 75
865 201 322
866 73 376
867 259 367
868 132 373
869 268 281
870 309 196
871 391 367
872 60 277
873 208 341
874 208 102
875 326 78
876 369 109
877 51 351
878 254 168
879 121 121
880 137 46
881 217 339
882 197 66
883 14 27
884 99 103
885 333 28
886 114 294
887 324 379
888 315 366
889 367 145
890 354 354
891 267 357
892 200 68
893 160 35
894 310 330
895 192 203
896 304 393
897 343 85
898 304 41
899 102 45
900 356 165
901 337 365
902 301 276
903 82 397
904 257 42
905 377 258
906 17 126
907 205 368
908 251 333
909 255 70
910 0 222
911 194 78
912 181 232
913 95 396
914 292 329
915 374 28
916 173 322
917 308 229
918 118 376
919 307 388
920 185 113
921 52 302
922 108 251
923 211 55
924 257 361
925 94 116
926 350 309
927 267 21
928 345 225
929 204 12
930 67 334
931 184 54
932 231 328
933 293 126
934 207 1
935 109 228
936 328 328
937 69 287
938 354 93
939 130 278
940 358 117
941 272 165
942 251 359
943 335 204
944 74 34
945 48 115
946 122 332
947 87 229
948 33 173
949 206 292
950 216 105
951 377 4
952 22 100
953 100 187
954 273 73
955 264 394
956 178 183
957 292 118
958 39 67
959 308 177
960 118 266
961 209 295
962 202 372
963 47 209
964 286 74
965 0 178
966 298 60
967 294 271
968 382 4
969 174 118
970 373 156
971 14 120
972 275 160
973 87 222
974 238 3
975 104 313
976 142 120
977 58 163
978 347 250
979 324 58
980 209 63
981 139 249
982 291 303
983 127 390
984 263 84
985 364 326
986 136 172
987 354 206
988 221 33
989 109 35
990 53 298
991 350 61
992 152 318
993 114 16
994 188 55
995 205 132
996 334 11
997 4 284
998 363 75
999 151 118
1000 310 385
1001 143 98
1002 167 216
1003 161 370
1004 309 374
1005 89 28
1006 282 47
1007 125 304
1008 202 278
1009 290 178
1010 185 32
1011 166 48
1012 357 253
1013 352 285
